

++++++++

UMODEM Version 3.1

----
UMODEM Send Function
File Name: alloc.c
Estimated File Size 8K, 59 Records, 7479 Bytes
TERM II File Transfer Protocol 3 (CP/M UG) Selected
8-Bit Transmission Enabled

Send Complete


++++++++

UMODEM Version 3.1

----
UMODEM Send Function
File Name: bitmap.c
Estimated File Size 4K, 32 Records, 3969 Bytes
TERM II File Transfer Protocol 3 (CP/M UG) Selected
8-Bit Transmission Enabled

Send Complete


++++++++

UMODEM Version 3.1

----
UMODEM Send Function
File Name: bmap.c
Estimated File Size 54K, 427 Records, 54600 Bytes
TERM II File Transfer Protocol 3 (CP/M UG) Selected
8-Bit Transmission Enabled

Send Complete


++++++++

UMODEM Version 3.1

----
UMODEM Send Function
File Name: cache.c
Estimated File Size 32K, 252 Records, 32230 Bytes
TERM II File Transfer Protocol 3 (CP/M UG) Selected
8-Bit Transmission Enabled

Send Complete


++++++++

UMODEM Version 3.1

----
UMODEM Send Function
File Name: cfont_ac.c
Estimated File Size 48K, 379 Records, 48420 Bytes
TERM II File Transfer Protocol 3 (CP/M UG) Selected
8-Bit Transmission Enabled

Send Complete


++++++++

UMODEM Version 3.1

----
UMODEM Send Function
File Name: convert.c
Estimated File Size 58K, 462 Records, 59046 Bytes
TERM II File Transfer Protocol 3 (CP/M UG) Selected
8-Bit Transmission Enabled

Send Complete


++++++++

UMODEM Version 3.1

----
UMODEM Send Function
File Name: do_funct.c
Estimated File Size 24K, 189 Records, 24080 Bytes
TERM II File Transfer Protocol 3 (CP/M UG) Selected
8-Bit Transmission Enabled

Send Complete
