.
./bin
./config
./exec
./exec/driver
./exec/jnl
./exec/lib
./exec/locale
./exec/fontexec
./exec/cmdserver
./exec/exec
./exec/execco
./exec/module
./exec/wl
./exec/cm
./exec/IGEcolor
./exec/wfi
./exec/igewindow
./exec/udata
./exec/shexec
./icob
./icob/sli
./icob/lib
./icob/actions
./icob/ceo
./icob/state
./icob/trans
./icob/util
./icob/shfn
./spec
./message
./message/lib
./message/src
./om
./om/IGRdir
./om/IGRdir/lib
./om/IGRdir/btree
./om/IGRdir/dir
./om/IGRdir/group
./om/opp
./om/opp/tools
./om/opp/symtab
./om/opp/cpp
./om/opp/opp
./om/opp/ddp
./om/tools
./om/opl
./om/spec
./om/src
./om/recluster
./om/test
./package
./package/bin
./package/lib
./package/src
./trans
./lib
./dict
./rap
./igefei
