#ifdef __cplusplus
extern "C" {
#endif

extern void RISrap_initialize()
;
extern void RISrap_print_input_sqlda(
	FILE  *fp,
	sqlda *input)
;
extern void RISrap_print_output_sqlda(
	FILE  *fp,
	sqlda *output)
;
extern void RISrap_print_describe_sqlda(
	FILE  *fp,
	sqlda *data)
;
extern void RISrap_print_test_sqlda(
	FILE  *fp,
	sqlda *input)
;
extern void RISrap_print_client_parms(
	FILE  		 *fp,
	client_parms *parms)
;
extern void RISrap_print_schema_file_parms(
	FILE  			  *fp,
	schema_file_parms *parms)
;
extern int RISrap_compare_fetch(
	int  	id,
	sqlda 	*output,
	int 	one_row_only)
;


#ifdef __cplusplus
}
#endif
