/* Do not alter this SPC information: $Revision: 1.1.54.1 $ */
/*
**  Copyright 1993, Intergraph Corporation, All Rights Reserved
*/

/*
**  NAME:                           risforms.prt
**  AUTHORS:                        RIS Utilities Group
**  CREATION DATE:                  10/93
**  ABSTRACT:
**      RIS forms function prototypes
**
**  REVISION HISTORY:
*/

#ifdef __cplusplus
extern "C" {
#endif
/*
**  Initialize
*/
extern int RISfrm_initialize(RISfrm_init_parms  *init_parms);

/*
**  Set function pointer
*/
extern int RISfrm_set_pre_notification_routine(
    void (*pre_notification_routine)());

extern int RISfrm_set_post_notification_routine(
    void (*post_notification_routine)());

extern int RISfrm_set_form_init_routine(
    int  form_label,
    void (*form_init_routine)());

extern int RISfrm_set_form_exec_routine(
    int form_label,
    int (*form_exec_routine)());

extern int RISfrm_set_error_handler_routine(
    int (*error_handler_routine)());

/*
**  RIS Schema Manager
*/
extern int RISfrm_schema_mgr_form_displayed(void);
extern int RISfrm_display_schema_mgr_form(void);
extern int RISfrm_erase_schema_mgr_form(void);

/*
**  Schema Information
*/
extern int RISfrm_schema_info_form_displayed(void);
extern int RISfrm_display_schema_info_form(void);
extern int RISfrm_erase_schema_info_form(void);

/*
**  Dictionary Access
*/
extern int RISfrm_dict_access_form_displayed(void);
extern int RISfrm_display_dict_access_form(void);
extern int RISfrm_erase_dict_access_form(void);

/*
**  Create Schema
*/
extern int RISfrm_create_schema_form_displayed(void);
extern int RISfrm_display_create_schema_form(void);
extern int RISfrm_erase_create_schema_form(void);

/*
**  Drop Schema
*/
extern int RISfrm_drop_schema_form_displayed(void);
extern int RISfrm_display_drop_schema_form(void);
extern int RISfrm_erase_drop_schema_form(void);

/*
**  Secure schema Access
*/
extern int RISfrm_schema_access_form_displayed(void);
extern int RISfrm_display_schema_access_form(void);
extern int RISfrm_erase_schema_access_form(void);

/*
**  Alter schema
*/
extern int RISfrm_alter_schema_form_displayed(void);
extern int RISfrm_display_alter_schema_form(void);
extern int RISfrm_erase_alter_schema_form(void);

/*
**  Schema definition
*/
extern int RISfrm_schema_definition_form_displayed(void);
extern int RISfrm_display_schema_definition_form(void);
extern int RISfrm_erase_schema_definition_form(void);

/*
**  Modify Schema Password
*/
extern int RISfrm_schpass_form_displayed(void);
extern int RISfrm_display_schpass_form(void);
extern int RISfrm_erase_schpass_form(void);

/*
**  Modify Node Information
*/
extern int RISfrm_node_info_form_displayed(void);
extern int RISfrm_display_node_info_form(void);
extern int RISfrm_erase_node_info_form(void);

/*
**  Include/Exclude Tables and Views
*/
extern int RISfrm_inc_exc_form_displayed(void);
extern int RISfrm_display_inc_exc_form(void);
extern int RISfrm_erase_inc_exc_form(void);

/*
**  Include Tables and Views
*/
extern int RISfrm_include_form_displayed(void);
extern int RISfrm_display_include_form(void);
extern int RISfrm_erase_include_form(void);

/*
**  Exclude Tables and Views
*/
extern int RISfrm_exclude_form_displayed(void);
extern int RISfrm_display_exclude_form(void);
extern int RISfrm_erase_exclude_form(void);

/*
**  Modify DB2 Password
*/
extern int RISfrm_db2pass_form_displayed(void);
extern int RISfrm_display_db2pass_form(void);
extern int RISfrm_erase_db2pass_form(void);

/*
**  Data Definition
*/
extern int RISfrm_data_def_form_displayed(void);
extern int RISfrm_display_data_def_form(void);
extern int RISfrm_erase_data_def_form(void);

/*
**  Table Information
*/
extern int RISfrm_table_info_form_displayed(void);
extern int RISfrm_display_table_info_form(void);
extern int RISfrm_erase_table_info_form(void);

/*
**  Create table
*/
extern int RISfrm_create_table_form_displayed(void);
extern int RISfrm_display_create_table_form(void);
extern int RISfrm_erase_create_table_form(void);

/*
**  Drop Table
*/
extern int RISfrm_drop_table_form_displayed(void);
extern int RISfrm_display_drop_table_form(void);
extern int RISfrm_erase_drop_table_form(void);


/*
**  Alter table
*/
extern int RISfrm_alter_table_form_displayed(void);
extern int RISfrm_display_alter_table_form(void);
extern int RISfrm_erase_alter_table_form(void);

/*
**  Schema File
*/
extern int RISfrm_schema_file_form_displayed(void);
extern int RISfrm_display_schema_file_form(void);
extern int RISfrm_erase_schema_file_form(void);

/*
**  Locate Client
*/
extern int RISfrm_locate_client_form_displayed(void);
extern int RISfrm_display_locate_client_form(void);
extern int RISfrm_erase_locate_client_form(void);

/*
**  Set
*/
extern int RISfrm_set_form_displayed(void);
extern int RISfrm_display_set_form(void);
extern int RISfrm_erase_set_form(void);

/*
**  RIS databases
*/
extern int RISfrm_ris_dbs_form_displayed(void);
extern int RISfrm_display_ris_dbs_form(void);
extern int RISfrm_erase_ris_dbs_form(void);

/*
**  RIS forms library
*/
extern int RISfrm_load_dll();
#ifdef __cplusplus
}
#endif

