/* Do not alter this SPC information: $Revision: 1.2.29.1 $ */

/*
**	Functions called in NET_popen()
*/


#if defined(__clipper__)
extern int _close(
	int)
;

extern int _execl(
	const char *,
	const char *,
	...)
;

extern int _fcntl(
	int,
	int,
	int)
;

extern FILE *_fdopen(
	int,
	const char *)
;

extern int _pipe(
	int [2])
;

extern int _vfork(
	void)
;

extern pid_t _wait(
	int *)
;
#endif

#if defined(sun)
extern int close(
	int)
;

extern int fcntl(
	int,
	int,
	int)
;

extern FILE *fdopen(
	int,
	const char *)
;

extern int pipe(
	int [2])
;

extern int vfork(
	void)
;

extern pid_t wait(
	int *)
;
#endif /* sun, but not Sol2 */

#if defined (__Sol2__) || defined(Soli) || defined(__hpux__)
extern int close(
	int)
;

extern FILE *fdopen(
	int,
	const char *)
;

extern int pipe(
	int [2])
;

extern pid_t vfork(
	void)
;

extern pid_t wait(
	int *)
;
#endif

#if defined(sco)
extern FILE  *popen(
	const char *, 
	const char *)
;
extern int   pclose(
	FILE *)
;

extern int  pipe(
	int *)
;

extern pid_t  wait(
	int *)
;
extern pid_t  fork(
	void)
;
#endif /* sco */
