bin/Nfminit
bin/Nfmupdate
bin/NFMmonitor
bin/NFMdmdftr.sh
config/initial/ris3.0.dmp
config/workflow
config/workflow/NFMexp32.TXT
config/workflow/NFMsignoff.TXT
config/workflow/NFMsimp32.TXT
5329 blocks
/etc/nfmd.conf
bin/NFMserver
9111 blocks
bin/Nfmadmin
config/english/commands/env.dat
4516 blocks
/etc/nfmd.conf
/etc/rc2.d/S99nfm
bin/NFMfileserver
bin/NFMdaemon
bin/dattoclh
bin/Nfmtcpip.sh
1284 blocks
bin/dbasrv
6253 blocks
bin/Nfmutil
606 blocks
doc
doc/NFMtrain32.txt
doc/access.txt
doc/admin.txt
doc/bulkload.txt
doc/clh.txt
doc/cli.txt
doc/converter.txt
doc/cp_acl_usr.txt
doc/dbasrv.txt
doc/design.txt
doc/impact_34.txt
doc/pc.txt
doc/pcnet.txt
doc/plotting.txt
doc/proc_trans.txt
doc/rm_proc.txt
doc/schema.txt
doc/setup.txt
doc/wf_train.txt
doc/workfl_ui.txt
doc/workflow.txt
760 blocks
config/language
config/english/man
config/english/man/nfmpg.1.Z
config/english/messages
config/english/messages/BLums.msg
config/english/messages/BLums.txt
config/english/messages/ERRmsg.msg
config/english/messages/ERRmsg.txt
config/english/messages/MEMmsg.msg
config/english/messages/MEMmsg.txt
config/english/messages/MGRums.msg
config/english/messages/MGRums.txt
config/english/messages/NETmsg.msg
config/english/messages/NETmsg.txt
config/english/messages/NFImsg.msg
config/english/messages/NFImsg.txt
config/english/messages/NFMmsg.msg
config/english/messages/NFMmsg.txt
config/english/messages/NFMtitles.msg
config/english/messages/NFMtitles.txt
config/english/messages/NFTmsg.msg
config/english/messages/NFTmsg.txt
config/english/messages/QUImsg.msg
config/english/messages/QUImsg.txt
config/english/messages/SQLmsg.msg
config/english/messages/SQLmsg.txt
config/english/messages/UTImsg.msg
config/english/messages/UTImsg.txt
config/nfs
config/nfs/nfmnfsstart.sh
config/nfs/nfmnfsstop.sh
822 blocks
postinstall.sh
4 blocks
