/* Do not alter this SPC information: $Revision: 1.7.3.1 $ */
/*
**      NAME:                                                   sys_.h
**      AUTHORS:                                                Terry McIntyre
**      CREATION DATE:                                  9/91
**      ABSTRACT:
**      Prototypes for system calls that are NOT wrapped in comsys.c 
**      and comfunc.c. These system calls CAN be refered directly in
**      RIS source code.
**
**      NOTE: chk_headers depends on these prototypes being in a set format.
**			1. 'extern' must be in column 1.
**			2. if the function has no arguments, the function must end in
**                       '()\n'. See example below.
**                      
**                         extern int function_name()
**                         ;
**
**			3. if the function has arguments, the functions must end in
**               '(\n', followed by each argument type on a seperate line.
**			   See the example below.
**
**             extern int function_name(
**                int,
**                char *)
**              ;
**      
**      REVISION HISTORY:
**
**		11/94:	Added strstr and strrchr.  Paula 
*/
 
/*
**      INCLUDES
*/
#include <stdio.h>
#include <setjmp.h>

#if defined(unix)
#include <sys/types.h>
#include <sys/time.h>
#include <search.h>
#endif

#if defined(Soli)
#include <sys/stat.h>
#endif

#ifdef vms
#include <types.h>
#include <time.h>
#endif

#if defined(WIN32)
#include <stdio.h>
#include <sys/types.h>
#endif

#if defined(DOS)
#include <sys/types.h>
#include <setjmp.h>
#include <sys/stat.h>
#include <math.h>
#include <string.h>
#include <stdlib.h>
#include <ctype.h>
#include <io.h>
#include <time.h>
#include <RIShsrch.h>
#endif 

#if defined(WIN32)
#define RISEXPORT _CRTIMP
#else
#define RISEXPORT
#endif

/*
**      FUNCTION PROTOTYPES
*/

extern RISEXPORT void _exit(
	int)
;

#if defined(__Sol2__) || defined(Soli)
extern int _tolower(
	int)
;
extern int _toupper(
	int)
;
extern int toascii(
	int)
;
extern int isascii(
	int)
;
#endif /* Solaris */

#if defined(__hpux__)
extern int __tolower(
	int)
;
extern int __toupper(
	int)
;
extern int islower(
	int c)
;
extern int isupper(
	int c)
;
extern int isalpha(
	int c)
;
extern int isalnum(
	int c)
;
extern int iscntrl(
	int c)
;
extern int isdigit(
	int c)
;
extern int isxdigit(
	int c)
;
extern int isgraph(
	int c)
;
extern int isprint(
	int c)
;
extern int ispunct(
	int c)
;
extern int isspace(
	int c)
;
#endif /* hpux */

extern RISEXPORT int atoi(
	const char *)
;

extern RISEXPORT int fflush(
	FILE *)
;

#if defined(__clipper__) || defined(sco) ||  defined(__hpux__) || defined(Soli)
extern int fprintf(
	FILE *,
	const char *,
	...)
;
#elif defined(sun)
extern int fprintf()
;
#endif

extern RISEXPORT char *getenv(
	const char *)
;

#if defined(unix)
extern pid_t getpid(
	void)
;
#elif defined(vms)
extern int getpid(
    void)
;
#elif defined(WIN32) || defined(DOS)
extern RISEXPORT int _getpid(
    void)
;
#endif

#if defined(unix)
extern uid_t getuid(
	void)
;
#elif defined(vms)
extern unsigned int getuid(
	void)
;
#endif

#if defined(sun)
extern int chown(
        char *path,
        int owner,
        int group)
;
#elif defined(unix)
extern int chown(
	const char *path,
	uid_t owner,
	gid_t group)
;
#endif

#if defined(unix) || defined(__unix__) 
extern ENTRY *hsearch(
	ENTRY,
	ACTION)
;
#endif

extern RISEXPORT struct tm *localtime(
	const time_t *)
;

extern RISEXPORT void longjmp(
	jmp_buf, 
	int)
;

#if defined(sun)
extern void *memcpy()
;
#elif defined(unix) || defined(WIN32)
extern void *memcpy(
	void *, 
	const void *, 
	size_t)
;
#endif

#if defined(sun)
extern void *memset()
;
#elif defined(unix) || defined(WIN32)
extern void *memset(
	void *,
	int,
	size_t)
;
#endif

#if defined(WIN32)
extern RISEXPORT int rand()
;
#else
extern int rand(
	void)
;
#endif

extern int setjmp(
	jmp_buf)
;

#ifdef vms
extern int sleep(
    unsigned int)
;
#else
extern unsigned int sleep(
	unsigned int)
;
#endif

#if defined(sun)
extern int  sprintf()
;
#elif defined(unix) || defined(WIN32)
extern RISEXPORT int sprintf(
	char *,
	const char *,
	...)
;
#endif

#if defined(sun)
extern int  sscanf()
;
#elif defined(unix) || defined(WIN32)
extern RISEXPORT int sscanf(
	const char *,
	const char *,
	...)
;
#endif

extern char *strcat(
	char *,
	const char *)
;

extern int strcmp(
	const char *,
	const char *)
;

extern char *strcpy(
	char *,
	const char *)
;

#if defined(unix) || defined(WIN32)
extern RISEXPORT char *strerror(
	int)
;
#elif defined(vms)
extern char *strerror(
	int,
	...)
;
#endif

extern RISEXPORT char *strrchr(
    const char *s,
    int)
;

extern RISEXPORT char *strstr(
	const char *,
	const char *)
;

extern RISEXPORT int strncmp(
	const char *,
	const char *,
	size_t)
;

extern RISEXPORT char *strncpy(
	char *,
	const char *,
	size_t)
;

extern RISEXPORT char *strchr(
	const char *s,
	int)
;

extern RISEXPORT char *strpbrk(
	const char *,
	const char *)
;

extern size_t strlen(
	const char *s)
;

extern RISEXPORT char *strrchr(
	const char *s,
	int)
;

extern RISEXPORT char *strtok(
	char *,
	const char *)
;

extern RISEXPORT long int strtol(
	const char *,   
	char **,
	int)
;

extern RISEXPORT time_t time(
	time_t *)
;

#if defined(__clipper__)
extern int vfprintf(
	FILE *, 
	const char *, 
	__va_list)
;
#elif defined(sun)
extern int vfprintf(
	FILE *,
	const char *,
	...)
;
#elif defined(__Sol2__) || defined(Soli)
extern int vfprintf(
	FILE *,
	const char *,
	void *)
;
#elif defined(sco) || defined(__hpux__)
extern int vfprintf(
	FILE *, 
	const char *, 
	va_list)
;
#endif

#if defined(unix) || defined(__unix__)
extern int UMSGetByNum(
    char *,
    long,
    char *,
    ...)
;

extern int UMSGetByKey(
  char *,
  char *,
  char *,
  ...)
;

extern int UMSInitMsg(
    char *,
    int)
;

extern int UMSGetKeyByNum(
    char *,
    char *,
    long)
;

extern int UMSClearMsg(
  char *)
;

extern int UMSGetKeyByNum(
  char *,
  char *,
  long)
;
#endif

#if defined(Soli)
extern int _xstat(
	const int, 
	const char *, 
	struct stat *)
;
extern int _fxstat(
	const int, 
	int, 
	struct stat *)
;
extern int _lxstat(
	const int, 
	const char *, 
	struct stat *)
;
extern int _xmknod(
	const int, 
	const char *, 
	mode_t, 
	dev_t)
;
#endif /* Soli */
