/*
**	NAME:							wrap.prt
**	AUTHORS:						Terry McIntyre
**	CREATION DATE:					9/91
**	ABSTRACT:
**      Prototypes for system calls that are wrapped in comsys.c and
**      comfunc.c. These system calls CAN NOT be refered directly in
**      RIS source code. Instead, the wrapped calls are used.
**
**		NOTE: chk_headers depends on these prototypes being in a set format.
**			1. 'extern' must be in column 1.
**			2. if the function has no arguments, the function must end in
**				'()\n'. See example below.
**			
**				extern int function_name()
**				;
**
**			3. if the function has arguments, the functions must end in
**				'(\n', followed by each argument type on a seperate line.  See
**				the example below.
**
**				extern int function_name(
**					int,
**					char *)
**				;
**	
**	REVISION HISTORY:
*/
#ifndef WRAP_PRT
#define WRAP_PRT
 
/*
**	INCLUDES
*/
#include <stdio.h>

#if defined(unix)
#include <sys/types.h>
#include <setjmp.h>
#include <search.h>
#include <sys/stat.h>
#include <sys/utsname.h>
#include <math.h>
#include <utmp.h>
# if !defined(sco)
# include <unistd.h>
# endif
#include <pwd.h>
#endif /* unix */

#if defined(vms)
#include <types.h>
#include <setjmp.h>
#include <stat.h>
#include <math.h>
#endif /* vms */

#if defined(WIN32)
#include <sys/types.h>
#include <setjmp.h>
#include <sys/stat.h>
#include <math.h>
#include <string.h>
#include <stdlib.h>
#include <ctype.h>
#include <io.h>
#include <time.h>
#endif 

#if defined(WIN32)
#define RISEXPORT _CRTIMP
#else
#define RISEXPORT
#endif

/******************************************************************************/

#if defined(sun) || defined(vms)
extern int access(
	char *,
	int)
;
#elif defined(unix)
extern int access(
	const char *,
	int)
;
#elif defined(WIN32)
extern RISEXPORT int _access(
	const char *,
	int)
;
#endif

/******************************************************************************/

#if defined(sun)
extern int chmod()
;
#elif defined(unix)
extern int chmod(
	const char *,
	mode_t)
;
#endif
#if defined(WIN32)
extern RISEXPORT int _chmod(
	const char *,
	int)
;
#endif

#if defined(__hpux__)
extern int chown(
        const char *path,
        uid_t owner,
        gid_t group)
;
#endif

/******************************************************************************/

#if defined(unix) || defined(vms)
extern int close(
	int)
;
#endif
#if defined(WIN32)
extern RISEXPORT int _close(
	int)
;
#endif

/******************************************************************************/
#if defined(sun)
extern int creat()
;
#elif defined(unix)
extern int creat(
	const char *,
	mode_t)
;
#endif

#if defined(vms)
extern int creat(
	char *,
	int,
	...)
;
#endif
#if defined(WIN32)
extern RISEXPORT int _creat(
	const char *,
	int)
;
#endif

/******************************************************************************/

#if defined(__clipper__)
extern int execv(
	const char *,
	char *const[])
;
#endif
#if defined(__hpux__)
extern int execv(
	const char *,
	char * const argv[])
;
#endif
#if defined(sun) || defined(vms)
extern int execv(
	char *,
	char *argv[])
;
#endif
#if defined(__Sol2__) || defined(Soli) || defined(__hpux__)
extern int execv(
	const char *,
	char *const *)
;
#endif
#if defined(sco)
extern int execv(
	const char *,
	const char * [])
;
#endif
#if defined(WIN32)
extern RISEXPORT int _execv(
	const char *,
	const char * const *)
;
#endif

/******************************************************************************/

#if defined(__clipper__)
extern int execve(
	const char *,
	char *const[],
	char *const[])
;
#endif
#if defined(__hpux__)
extern int execve(
	const char *,
	char *const argv[],
	char *const envp[])
;
#endif
#if defined(sun) || defined(vms)
extern int execve(
	char *,
	char *argv[],
	char *envp[])
;
#endif
#if defined (__Sol2__) || defined(Soli)
extern int execve(
	const char *,
	char *const *,
	char *const *)
;
#endif
#if defined(sco)
extern int execve(
	const char *,
	const char * [],
	const char * [])
;
#endif
#if defined(WIN32)
extern RISEXPORT int _execve(
	const char *,
	const char * const *,
	const char * const *)
;
#endif

/******************************************************************************/
#if defined(__clipper__)
extern int execvp(
	const char *,
	char *const[])
;
#endif
#if defined(__hpux__)
extern int execvp(
	const char *,
	char * const argv[])
;
#endif
#if defined(__Sol2__) || defined(Soli)
extern int execvp(
	const char *,
	char *const *)
;
#endif
#if defined(sun) || defined(vms)
extern int execvp(
	char *,
	char *argv[])
;
#endif
#if defined(sco)
extern int execvp(
	const char *,
	const char * [])
;
#endif
#if defined(WIN32)
extern RISEXPORT int _execvp(
	const char *,
	const char * const *)
;
#endif

/******************************************************************************/

#if defined(unix) || defined(vms) || defined(WIN32)
extern RISEXPORT int fclose(
	FILE *)
;
#endif

/******************************************************************************/

#if defined(unix) || defined(vms) || defined(WIN32)
extern RISEXPORT char *fgets(
	char *,
	int,
	FILE *)
;
#endif

/******************************************************************************/

#if defined(unix) || defined(WIN32)
extern RISEXPORT FILE *fopen(
	const char *,
	const char *)
;
#endif
#if defined(vms)
extern FILE *fopen(
    const char *,
    const char *,
        ...)
;
#endif

/******************************************************************************/

#if defined(unix) || defined(vms) || defined(WIN32)
extern RISEXPORT int fputc(
	int, 
	FILE *);
#endif

/******************************************************************************/

#if defined(unix) || defined(vms) || defined(WIN32)
extern RISEXPORT int fputs(
	const char *,
	FILE *)
;
#endif

/******************************************************************************/

#if defined(unix) || defined(vms) || defined(WIN32)
extern RISEXPORT size_t fread(
	void *,
	size_t,
	size_t,
	FILE *)
;
#endif

/******************************************************************************/

#if defined(unix) || defined(WIN32)
extern RISEXPORT FILE *freopen(
	const char *, 
	const char *, 
	FILE *)
;
#endif
#if defined(vms)
extern FILE *freopen(
    const char *,
    const char *,
    FILE *,
        ...)
;
#endif

/******************************************************************************/

#if defined(unix) || defined(vms) || defined(WIN32)
extern RISEXPORT size_t fwrite(
	const void *,
	size_t,
	size_t,
	FILE *)
;
#endif

/******************************************************************************/

#if defined(__clipper__)
extern struct passwd *getpwuid(
	unsigned short)
;
#elif defined(sco)
extern struct passwd *getpwuid(
	int)
;
#elif defined(sun)
extern struct passwd *getpwuid()
;
#elif defined(unix)
extern struct passwd *getpwuid(
    uid_t)
;
#endif

/******************************************************************************/

#if defined(__clipper__) || defined(sco)
extern struct passwd *getpwnam(
	const char *)
;
#elif defined(sun)
extern struct passwd *getpwnam(
	char *)
;
#elif defined(__Sol2__) || defined (Soli) || defined(__hpux__)
extern struct passwd *getpwnam(
	const char *)
;
#endif

#if defined(__Sol2__) || defined(Soli)
extern struct spwd *getspnam(
	const char *)
;
#endif

#if defined(__hpux__)
extern int iscomsec()
;
extern struct pr_passwd * getprpwnam(
	const char *)
;
#endif

#if defined(__clipper__) || defined(sco)
extern struct pr_passwd * getprpwnam(
	char *)
;

extern int syscall(
	unsigned,
	unsigned)
;

extern void set_auth_parameters(
    int,
    char **)
;


extern int getluid(
	void)
;
extern int setluid(
	void)
;
#endif

/******************************************************************************/

#if defined(unix) || defined(vms)
extern char *gets(
	char *)
;
#endif

/******************************************************************************/

#if defined(__clipper__) || defined(__hpux__)
extern struct utmp *getutent(
	void)
;
#endif

/******************************************************************************/
#if defined(unix) && !defined(sco)
extern int ioctl(
	int,
	int,
	...)
;
#endif

/******************************************************************************/

#if defined(unix) && !defined(sco) || defined(vms)
extern int isatty(
	int)
;
#endif
#if defined(WIN32)
extern RISEXPORT int _isatty(
	int)
;
#endif

/******************************************************************************/

#if defined(unix) && !defined(sco) || defined(WIN32)
extern RISEXPORT int puts(
	const char *)
;
#endif
#if defined(vms)
extern int puts(
	const char *)
;
#endif

/******************************************************************************/

#if defined(__clipper__)
extern ssize_t write(
	int ,
	const void *,
	size_t)
;
#elif defined(sun) || defined(sco)
extern int write(
	int ,
	char *,
	unsigned int)
;
#elif defined(unix)
extern ssize_t write(
	int ,
	const void *,
	unsigned)
;
#elif defined(vms)
extern int write(
	int ,
	void *,
	int)
;
#elif defined(WIN32)
extern RISEXPORT int _write(
	int ,
	const void *,
	unsigned int)
;
#endif

/******************************************************************************/

#if defined(__clipper__)
extern ssize_t read(
	int ,
	void *,
	size_t)
;
#elif defined(sun) || defined(sco)
extern int read(
	int ,
	char *,
	unsigned int)
;
#elif defined(unix)
extern int read(
	int ,
	void *,
	unsigned int)
;
#elif defined(vms)
extern int read(
	int ,
	void *,
	int)
;
#elif defined(WIN32)
extern RISEXPORT int _read(
	int ,
	void *,
	unsigned int)
;
#endif

/******************************************************************************/

#if defined(unix) || defined(vms)
extern int remove(
	const char *)
;
#endif

/******************************************************************************/

#if defined(unix)
extern int sighold(
	int)
;
#endif

/******************************************************************************/

#if defined(unix)
extern int sigrelse(
	int)
;
#endif

/******************************************************************************/

#if defined(unix)
extern void (*sigset(
	int,
	void (*)(int))
	)(int)
;
#endif

/******************************************************************************/
#if defined(sun)
extern int stat(
	char *,
	struct stat *)
;
#elif defined(unix)
extern int stat(
	const char *,
	struct stat *)
;
#endif

#if defined(vms) 
extern int stat(
	char *,
	stat_t *)
;
#endif
#if defined(WIN32)
extern RISEXPORT int _CRTAPI1 _stat(
	const char *,
	struct _stat *)
;
#endif

/******************************************************************************/

#if defined(unix) || defined(vms) || defined(WIN32)
extern RISEXPORT int     system(
	const char *)
;
#endif

/******************************************************************************/

#if defined(unix) || defined(vms) || defined(WIN32)
extern RISEXPORT char *tmpnam(
	char *)
;
#endif

/******************************************************************************/

#if defined(unix) || defined(vms) || defined(WIN32)
extern RISEXPORT int ungetc(
	int,
	FILE *)
;
#endif

/******************************************************************************/

#if defined(unix) || defined(vms)
extern int    unlink(
	const char *)
;
#endif

#if defined(WIN32) || defined(DOS)
extern RISEXPORT int    _unlink(
	const char *)
;
#endif

/******************************************************************************/

#endif
