lib/libnfmmem.a
lib/libnfmnet.a
lib/libnfmsql.a
lib/libnfmerr.a
lib/libtli.a
2115 blocks
lib/libnfmr.a
lib/libnfmruti.a
lib/libnfmtools.a
lib/libfilexfer.a
lib/libsystools.a
lib/libnfmnet.a
lib/libtli.a
lib/libnfmmem.a
lib/libnfmerr.a
lib/libalter.a
4183 blocks
lib/libnfmcuti.a
lib/librisinit.a
lib/libnfms.a
lib/libnfmsuti.a
lib/libnfmwf.a
lib/libnfma.a
lib/libnfmu.a
lib/libnfmlists.a
lib/libnfmsac.a
lib/libcmdtools.a
lib/libdbtools.a
lib/libnfmsql.a
lib/libsystools.a
lib/libalter.a
lib/libnfmftr.a
12210 blocks
include/DEBUG.h
include/DISproto.h
include/ERR.h
include/ERRerrordef.h
include/ERRproto.h
include/MEMbuf_def.h
include/MEMerrordef.h
include/MEMproto.h
include/MEMstruct.h
include/MSGstruct.h
include/NDXstruct.h
include/NETdef.h
include/NETerrordef.h
include/NETstruct.h
include/NFIerrordef.h
include/NFMAproto.h
include/NFMRformats.h
include/NFMRinclude.h
include/NFMRproto.h
include/NFMRstruct.h
include/NFMUproto.h
include/NFMapi.h
include/NFMattr.h
include/NFMcombine.h
include/NFMdb.h
include/NFMdef.h
include/NFMdisplays.h
include/NFMerrordef.h
include/NFMfile.h
include/NFMflag.h
include/NFMitemfiles.h
include/NFMitems.h
include/NFMlisten.h
include/NFMlocks.h
include/NFMmach_id.h
include/NFMnfs.h
include/NFMschema.h
include/NFMstruct.h
include/NFMtypes.h
include/RPSdef.h
include/RPSmacros.h
include/SQLerrordef.h
include/UNIX_or_VMS.h
include/UTICinclude.h
include/UTIclient.h
include/UTIdef.h
include/UTIerrordef.h
include/UTIextern.h
include/UTIglobals.h
include/UTIinclude.h
include/UTImacros.h
include/UTIstruct.h
include/UTIui.h
include/WFcommands.h
include/WFstruct.h
595 blocks
