/*
**    NAME:                           wrap.prt
**    AUTHORS:                        Sunil Murthy
**    CREATION DATE:                  1/93
**    ABSTRACT:
**      Prototypes for system calls that are wrapped in comsys.c and
**      comfunc.c. These system calls CAN NOT be refered directly in
**      RIS source code. Instead, the wrapped calls are used.
**
**        NOTE: chk_headers depends on these prototypes being in a set format.
**            1. 'extern' must be in column 1.
**            2. if the function has no arguments, the function must end in
**                '()\n'. See example below.
**            
**                extern int function_name()
**                ;
**
**            3. if the function has arguments, the functions must end in
**                '(\n', followed by each argument type on a seperate line.  See
**                the example below.
**
**                extern int function_name(
**                    int,
**                    char *)
**                ;
**    
**    REVISION HISTORY:
**       I created this file primarily to prototype the functions in the
**       tools directory. We dont care about wrap around functions for the
**       tools 'cause they dont handle signals anyway.
**       - Sunil 1/93
*/
 
/*
**    INCLUDES
*/
#if defined(WIN32)
#define RISEXPORT _CRTIMP
#else
#define RISEXPORT
#endif

extern RISEXPORT int fclose(
    FILE *)
;

extern RISEXPORT char *fgets(
    char *,
    int,
    FILE *)
;

extern RISEXPORT FILE *fopen(
    const char *,
    const char *)
;

extern RISEXPORT int fputs(
    const char *,
    FILE *)
;

extern RISEXPORT char *gets(
    char *)
;

#ifdef DOS
extern int ioctl(
    int,
    int,
    char *)
;
#else
extern int ioctl(
    int,
    int,
    ...)
;
#endif

extern RISEXPORT int     system(
    const char *)
;

extern RISEXPORT char *tmpnam(
    char *)
;

