#include <sys/types.h>

/******************************************************************************/

extern void exit(
	int)
;

/******************************************************************************/

extern int fclose(
	FILE *)
;

/******************************************************************************/

extern char *fgets(
	char *,
	int,
	FILE *)
;

/******************************************************************************/

extern FILE *fopen(
	const char *,
	const char *)
;

/******************************************************************************/

#if defined(sun)
extern int fprintf()
;
#elif defined(unix)
extern int fprintf(
	FILE *,
	const char *,
	...)
;
#endif

/******************************************************************************/

extern char *getenv(
	const char *)
;

/******************************************************************************/

#if defined(__hpux__)
extern int getopt(
	int,
	char * const [],
	const char *)
;
#elif defined(unix)
extern int getopt(
	int,
	char **,
	char *)
;
#endif

/******************************************************************************/

extern void *malloc(
	size_t)
;

/******************************************************************************/

#if defined(sun)
extern int printf()
;
#elif defined(unix)
extern int printf(
	const char *,
	...)
;
#endif

/******************************************************************************/

extern int remove(
	const char *)
;

/******************************************************************************/

extern void (*sigset(
	int,
	void (*)(int))
	)(int)
;

/******************************************************************************/

#if defined(sun)
extern int  sprintf()
;
#elif defined(unix)
extern int sprintf(
	char *,
	const char *,
	...)
;
#endif

/******************************************************************************/

extern char *strchr(
	const char *s,
	int)
;

/******************************************************************************/

extern int strcmp(
	const char *,
	const char *)
;

/******************************************************************************/

extern char *strcpy(
	char *,
	const char *)
;

/******************************************************************************/

extern char *strerror(
	int)
;

/******************************************************************************/

extern size_t strlen(
	const char *s)
;

/******************************************************************************/

extern int strncmp(
	const char *,
	const char *,
	size_t)
;

/******************************************************************************/

extern char *strrchr(
	const char *s,
	int)
;

/******************************************************************************/

#if defined(sco) || defined(__Sol2__) || defined(Soli)
extern int unlink(
	const char *)
;
#endif

/******************************************************************************/

#if defined(__clipper__)
extern int vfprintf(
	FILE *, 
	const char *, 
	__va_list)
;
#endif
#if defined(sun)
extern int vfprintf(
	FILE *,
	const char *,
	...)
;
#endif
#if defined(sco)
extern int vfprintf(
	FILE *, 
	const char *, 
	va_list)
;
#endif

#if defined(__Sol2__) || defined(Soli)
extern int vfprintf(
	FILE *, 
	const char *, 
	void *)
;
#endif

/******************************************************************************/

#if defined(__hpux__)
extern int isspace(
	int c)
;
#endif

/******************************************************************************/
