/*
**    NAME:                          sys.prt
**    AUTHORS:                       Terry McIntyre
**    CREATION DATE:                  9/91
**    ABSTRACT:
**      Prototypes for system calls that are NOT wrapped in comsys.c 
**      and comfunc.c. These system calls CAN be refered directly in
**      RIS source code.
**
**        NOTE: chk_headers depends on these prototypes being in a set format.
**            1. 'extern' must be in column 1.
**            2. if the function has no arguments, the function must end in
**                '()\n'. See example below.
**            
**                extern int function_name()
**                ;
**
**            3. if the function has arguments, the functions must end in
**                '(\n', followed by each argument type on a seperate line.  See
**                the example below.
**
**                extern int function_name(
**                    int,
**                    char *)
**                ;
**    
**    REVISION HISTORY:
*/
 
/*
**    INCLUDES
*/
#include <sys/types.h>
#include <stdio.h>
#include <setjmp.h>

#if defined(WIN32)
#define RISEXPORT _CRTIMP
#else
#define RISEXPORT
#endif

#if defined(unix)
#include <dirent.h>
#endif

#if defined(__Sol2__) || defined(Soli)
#include <widec.h>
#endif

/*
**  FUNCTION PROTOTYPES
*/

#if defined (unix) && !defined(clipper) && !defined(__clipper__)
extern int abs(
    int i)
;
#endif

extern RISEXPORT int atoi(
    const char *)
;

#if defined(__hpux__)
extern char *crypt(
const    char *,
const    char *)
;
#else
extern char *crypt(
    char *,
    char *)
;
#endif

extern RISEXPORT void exit(
    int)
;

extern RISEXPORT int fflush(
    FILE *)
;

#if defined(sun)
extern int fprintf()
;
#elif defined(unix)
extern int fprintf(
    FILE *,
    const char *,
    ...)
;
#endif

/*
******  BLOB ************
*/

#if defined(unix)
extern DIR *opendir(
    const char *)
;
#endif

#if defined(WIN32) || defined(DOS)
extern RISEXPORT char *tempnam(
 char *,
 char *
 )
;

extern RISEXPORT int _open(
    const char *, 
    int, 
    ...)
;

extern RISEXPORT long _lseek(
 int,
 long,
 int)
;

extern RISEXPORT int _close(
 int
 )
;

extern RISEXPORT int  _read(
 int ,
 void *,
 unsigned int)
;

extern RISEXPORT int _write(
 int ,
 const void *,
 unsigned int)
;

extern RISEXPORT int _chmod(
    const char *,
    int)
;

#else

#if defined(sun)
extern int open()
;
#else
extern int open(
    const char *,
    int,
    ...)
;
#endif

extern long lseek(
 int,
 long,
 int)
;

extern int close(
 int)
;

extern int  read(
 int ,
 void *,
 unsigned int)
;

extern int write(
 int ,
 const void *,
 unsigned int)
;

#if defined(sun)
extern int chmod()
;
#elif defined(clipper) || defined(__clipper__) || defined(sco) || defined(__hpux__)
extern int chmod(
    const char *,
    unsigned short)
;
#elif defined(__Sol2__) || defined(Soli)
extern int chmod(
    const char *,
    mode_t)
;
#else
ERROR -- NO CODE
#endif

extern char *tempnam(
    const char *,
     const char *)
;
#endif

extern RISEXPORT int access(
    const char *,
    int )
;

#if defined(sun)
extern int stat()
;
#elif defined(unix) || defined(vms)
extern int stat(
    const char *,
    struct stat *)
;
#elif defined(WIN32)
extern RISEXPORT int _CRTAPI1 _stat(
    const char *,
    struct _stat *)
;
#else
ERROR -- NO CODE
#endif

/* 
******  BLOB ************
*/

extern RISEXPORT char *getenv(
    const char *)
;

#if defined(unix) || defined(__unix__)
extern pid_t getpid(
    void)
;
#endif
#if defined(WIN32)
extern int _getpid(
    void)
;
#endif

#if defined(unix)
extern pid_t getppid(
    void)
;
#endif

#if defined(unix)
extern int kill(
    pid_t,
    int)
;
#endif

#if defined(sun)
extern void *memcpy()
;
#elif defined(unix)
extern void *memcpy(
    void *,
    const void *,
    size_t)
;
#elif defined(WIN32)
void * _CRTAPI1 memcpy(
    void *,
    const void *,
    size_t)
;
#endif

#if defined(__hpux__)
extern int mallopt(int,int)
;
#endif

#if defined(sun)
extern void *memset()
;
#elif defined(unix)
extern void *memset(
    void *,
    int,
    size_t)
;
#elif defined(WIN32)
void * _CRTAPI1 memset(
    void *,
    int,
    size_t)
;
#endif

extern RISEXPORT int rand()
;

extern RISEXPORT void rewind(
    FILE *)
;

extern int setjmp(
    jmp_buf)
;

extern int setpgrp()
;

#if defined(unix)
extern void (*sigset(
    int,
    void (*)(int))
    )(int)
;
#endif

#if defined(sun)
extern int  sscanf()
;
#elif defined(unix) || defined(DOS)
extern int sscanf(
    const char *,
    const char *,
    ...)
;
#endif

#if defined(sun)
extern int  sprintf()
;
#elif defined(unix)
extern int sprintf(
    char *,
    const char *,
    ...)
;
#endif

extern char *strcat(
    char *,
    const char *)
;

extern RISEXPORT char *strchr(
    const char *s,
    int)
;

extern int strcmp(
    const char *,
    const char *)
;

extern char *strcpy(
    char *,
    const char *)
;

extern RISEXPORT char *strncpy(
    char *,
    const char *,
    size_t)
;

extern size_t strlen(
    const char *s)
;

extern RISEXPORT char *strncat(
    char *,
    const char *,
    size_t)
;

extern RISEXPORT int strncmp(
    const char *,
    const char *,
    size_t)
;

extern RISEXPORT char *strrchr(
    const char *s,
    int)
;

extern RISEXPORT char *strstr(
    const char *,
    const char *)
;

extern RISEXPORT long int strtol(
    const char *,
    char **,
    int)
;

extern RISEXPORT int toupper(
    int)
;

extern RISEXPORT void perror(
    const char *)
;

#if defined(sun)
extern int printf()
;
#elif defined(unix)
extern int printf(
    const char *,
    ...)
;
#endif

extern RISEXPORT char *strtok(
    char *,
    const char *)
;

extern RISEXPORT time_t time(
    time_t *)
;

#if defined(sun)
extern mode_t umask()
;
#elif defined(unix)
extern mode_t umask(
    mode_t)
;
#elif defined(WIN32)
int RISEXPORT _CRTAPI1 _umask(
    int)
;
#endif

#if defined(unix)
extern int unlink(
    const char *)
;
#elif defined(WIN32)
int RISEXPORT _CRTAPI1 _unlink(
    const char *)
;
#endif

#if defined(sun)
extern int waitpid(
    pid_t pid,
    int *stat_loc,
    int options)
;
#elif defined(unix)
extern pid_t waitpid(
    pid_t,
    int *,
    int)
;
#endif

#if defined(clipper) || defined(__clipper__)
extern int vsprintf(
    char *,
    const char *,
    __va_list)
;
#elif defined(sun)
extern int vsprintf(
    char *,
    const char *,
    ...)
;
#elif defined(__Sol2__) || defined(Soli)
extern int vsprintf(
    char *,
    const char *,
    void *)
;
#elif defined(sco)  || defined (__hpux__)
extern int vsprintf(
    char *,
    const char *,
    va_list)
;
#endif

#if defined(__clipper__) || defined (sco)  || defined (__hpux__)
extern void set_auth_parameters(
    int,
    char **)
;
#endif

#if defined(sun)
extern int mkdir()
;
#elif defined(unix)
extern int mkdir(
    const char *,
    mode_t)
;
#elif defined(WIN32)
extern RISEXPORT _mkdir(
    const char *)
;
#endif

#if defined(__Sol2__) || defined(Soli)
extern int _tolower(
    int)
;

extern int _toupper(
    int)
;
#endif



#if defined(__clipper__) || defined(__Sol2__) || defined(Soli) || defined(__hpux__)
extern char *getcwd(
	char *,
	size_t)
;
#elif defined(sco)
extern char *getcwd(
	char *,
	int)
;
#elif defined(sun) 
extern char *getcwd(
	char *,
	int)
;
#elif defined(WIN32) || defined(DOS)
/* do not redefine, causes inconsistant DLL linkage */
#else
ERROR -- NO CODE
#endif


#if defined(__hpux__)
extern int __tolower(
    int)
;
extern int __toupper(
    int)
;
extern int islower(
    int c)
;
extern int isupper(
    int c)
;
extern int isalpha(
    int c)
;
extern int isalnum(
    int c)
;
extern int iscntrl(
    int c)
;
extern int isdigit(
    int c)
;
extern int isxdigit(
    int c)
;
extern int isgraph(
    int c)
;
extern int isprint(
    int c)
;
extern int ispunct(
    int c)
;
extern int isspace(
    int c)
;
#endif /* hpux */

