Interactive Query Test	(type ^d to end)
query># $Id: parser_err.out,v 1.1.1.1 2001/01/04 21:09:01 cvs Exp $
query>
query># -------------------------------------------------------------------
query># I/VDS
query>#
query># File:	vds/vdpocket/parser/parser_err.in 
query>#
query># Description:
query>#	parser test file for error processing
query>#		run with LEXDEBUG undefined
query>#		correct results in parser_err.out
query>#
query># Dependencies:
query>#
query># Revision History:
query>#	$Log: parser_err.out,v $
query>#	Revision 1.1.1.1  2001/01/04 21:09:01  cvs
query>#	Initial import to CVS
query>#	
query># History:
query>#	MM/DD/YY	AUTHOR		DESCRIPTION
query>#
query>#	01/20/95	tlb		created
query># -------------------------------------------------------------------
query>#
query>"select 12345678901234567890123456789012345678901234567890123456789012345678901234567890 a = 1"

VDQuery syntax error (-2): identifier length > 80
	select 12345678901234567890123456789012345678901234567890123456789012345
               ^
	678901234567890 a = 1
  returns: -2

query>"select A 12345678901234567890123456789012345678901234567890123456789012345678901234567890 = 1"

VDQuery syntax error (-2): identifier length > 80
	select A 123456789012345678901234567890123456789012345678901234567890123
                 ^
	45678901234567890 = 1
  returns: -2

query>"select A a = 12345678901234567890123456789012345678901234567890123456789012345678901234567890"

VDQuery syntax error (-2): identifier length > 80
	select A a = 12345678901234567890123456789012345678901234567890123456789
                     ^
	012345678901234567890
  returns: -2

query>"select 12345678901234567890123456789012345678901234567890123456789012345678901234567890 a = 1 ; select A 12345678901234567890123456789012345678901234567890123456789012345678901234567890 = 1 ; select A a = 12345678901234567890123456789012345678901234567890123456789012345678901234567890"

VDQuery syntax error (-2): identifier length > 80
	select 12345678901234567890123456789012345678901234567890123456789012345
               ^
	678901234567890 a = 1 ; select A 123456789012345678901234567890123456789
	01234567890123456789012345678901234567890 = 1 ; select A a = 12345678901
	2345678901234567890123456789012345678901
  returns: -2

query>"#"
query>"# Missing Select"
query>"A a = 1"
	   VDquery: 	 class:   A	body: a 1 1	status: 1

VDQuery syntax error (-3): missing select keyword
	A a = 1
        ^
  returns: -3

query>"A - B  a = 1"
	   VDquery: 	 class:   A - B	body: a 1 1	status: 0

VDQuery syntax error (-3): missing select keyword
	A - B  a = 1
        ^
  returns: -3

query>"selecta  A b=1"

VDQuery syntax error (-1): syntax error
	selecta  A b=1
                   ^
  returns: -1

query>"select A a = 1 ; A a = 1 "
	   VDquery: 	 class:   A	body: a 1 1	status: 1
	   VDquery: 	 class:   A	body: a 1 1	status: 0

VDQuery syntax error (-3): missing select keyword
	select A a = 1 ; A a = 1 
                         ^
  returns: -3

query>"select A a = 1 ; A a = 1;  select A a = 1 "
	   VDquery: 	 class:   A	body: a 1 1	status: 1
	   VDquery: 	 class:   A	body: a 1 1	status: 0

VDQuery syntax error (-3): missing select keyword
	select A a = 1 ; A a = 1;  select A a = 1 
                         ^
  returns: -3

query>"select A a = 1 ; select A a = 1;  A a = 1 "
	   VDquery: 	 class:   A	body: a 1 1	status: 1
	   VDquery: 	 class:   A	body: a 1 1	status: 0
	   VDquery: 	 class:   A	body: a 1 1	status: 1

VDQuery syntax error (-3): missing select keyword
	select A a = 1 ; select A a = 1;  A a = 1 
                                          ^
  returns: -3

query>"where a=1"
	   VDquery: 	 class:	body: a 1 1	status: 0

VDQuery syntax error (-3): missing select keyword
	where a=1
        ^
  returns: -3

query>"a=1"
	   VDquery: 	 class:	body: a 1 1	status: 1

VDQuery syntax error (-3): missing select keyword
	a=1
        ^
  returns: -3

query>"#"
query>"# Missing Class name"
query>"select "

VDQuery syntax error (-4): missing class name
	select 
              ^
  returns: -4

query>"select - B a = 1"

VDQuery syntax error (-4): missing class name
	select - B a = 1
              ^
  returns: -4

query>"select  where a = 1"
	   VDquery: 	 class:	body: a 1 1	status: 0

VDQuery syntax error (-4): missing class name
	select  where a = 1
               ^
  returns: -4

query>"select a = 1 ; select A a=1"
	   VDquery: 	 class:	body: a 1 1	status: 1

VDQuery syntax error (-4): missing class name
	select a = 1 ; select A a=1
              ^
  returns: -4

query>"select A where a = 1 ; select a=1"
	   VDquery: 	 class:   A	body: a 1 1	status: 0
	   VDquery: 	 class:	body: a 1 1	status: 1

VDQuery syntax error (-4): missing class name
	select A where a = 1 ; select a=1
                                     ^
  returns: -4

query>"#"
query>"# Missing expression"
query>"select A where"

VDQuery syntax error (-5): missing expression 
	select A where
                      ^
  returns: -5

query>"select A !"

VDQuery syntax error (-1): syntax error
	select A !
                  ^
  returns: -1

query>"select A ( )"

VDQuery syntax error (-5): missing expression 
	select A ( )
                  ^
  returns: -5

query>"select A & a=1"
	   VDquery: 	 class:   A	body: a 1 1	status: 0

VDQuery syntax error (-5): missing expression 
	select A & a=1
                ^
  returns: -5

query>"select A a=1 &"
	   VDquery: 	 class:   A	body: a 1 1	status: 1

VDQuery syntax error (-1): syntax error
	select A a=1 &
                      ^
  returns: -1

query>"select A a=1 ; select A & a=1"
	   VDquery: 	 class:   A	body: a 1 1	status: 0
	   VDquery: 	 class:   A	body: a 1 1	status: 1

VDQuery syntax error (-5): missing expression 
	select A a=1 ; select A & a=1
                               ^
  returns: -5

query>"#"
query>"# Missing operand1"
query>"select A where =2"

VDQuery syntax error (-6): missing first operand in expr
	select A where =2
                      ^
  returns: -6

query>"select A !>3"

VDQuery syntax error (-6): missing first operand in expr
	select A !>3
                 ^
  returns: -6

query>"select A ( >6)"

VDQuery syntax error (-6): missing first operand in expr
	select A ( >6)
                  ^

VDQuery syntax error (-10): missing right parenthesis
	select A ( >6)
                      ^
  returns: -10

query>"select A =2& a=1"
	   VDquery: 	 class:	body: A 1 2	status: 0
	   VDquery: 	 class:	body: a 1 1	status: 1

VDQuery syntax error (-4): missing class name
	select A =2& a=1
              ^
  returns: -4

query>"select A a=1 & =3"
	   VDquery: 	 class:   A	body: a 1 1	status: 0

VDQuery syntax error (-6): missing first operand in expr
	select A a=1 & =3
                      ^
  returns: -6

query>"select A a=1 ; select A >7 & a=1"
	   VDquery: 	 class:   A	body: a 1 1	status: 1
	   VDquery: 	 class:	body: A 5 7	status: 0
	   VDquery: 	 class:	body: a 1 1	status: 1

VDQuery syntax error (-4): missing class name
	select A a=1 ; select A >7 & a=1
                             ^
  returns: -4

query>"#"
query>"# Missing operand2"
query>"select A where a="

VDQuery syntax error (-7): missing 2nd operand in expr
	select A where a=
                         ^
  returns: -7

query>"select A !a>"

VDQuery syntax error (-7): missing 2nd operand in expr
	select A !a>
                    ^
  returns: -7

query>"select A ( a>)"

VDQuery syntax error (-7): missing 2nd operand in expr
	select A ( a>)
                     ^

VDQuery syntax error (-10): missing right parenthesis
	select A ( a>)
                      ^
  returns: -10

query>"select A a= & a=1"

VDQuery syntax error (-7): missing 2nd operand in expr
	select A a= & a=1
                    ^
  returns: -7

query>"select A a=1 & a="
	   VDquery: 	 class:   A	body: a 1 1	status: 0

VDQuery syntax error (-7): missing 2nd operand in expr
	select A a=1 & a=
                         ^
  returns: -7

query>"select A a=1 ; select A a> & a=1"
	   VDquery: 	 class:   A	body: a 1 1	status: 1

VDQuery syntax error (-7): missing 2nd operand in expr
	select A a=1 ; select A a> & a=1
                                   ^
  returns: -7

query>"#"
query>"# Missing relational operator"
query>"select A  a  1"

VDQuery syntax error (-1): syntax error
	select A  a  1
                     ^
  returns: -1

query>"select A - B  a  1"

VDQuery syntax error (-1): syntax error
	select A - B  a  1
                         ^
  returns: -1

query>"select A - B  where a  1"

VDQuery syntax error (-5): missing expression 
	select A - B  where a  1
                               ^
  returns: -5

query>"select A - B  (a  1)"

VDQuery syntax error (-1): syntax error
	select A - B  (a  1)
                          ^
  returns: -1

query>"select A a = 1 ; select A  a  1 "
	   VDquery: 	 class:   A	body: a 1 1	status: 0

VDQuery syntax error (-1): syntax error
	select A a = 1 ; select A  a  1 
                                      ^
  returns: -1

query>"select A a = 1 ; select A  a = 1;  select A a  1 "
	   VDquery: 	 class:   A	body: a 1 1	status: 1
	   VDquery: 	 class:   A	body: a 1 1	status: 0

VDQuery syntax error (-1): syntax error
	select A a = 1 ; select A  a = 1;  select A a  1 
                                                       ^
  returns: -1

query>"select A a = 1 & b 3 | c = 7"
	   VDquery: 	 class:   A	body: a 1 1	status: 1

VDQuery syntax error (-1): syntax error
	select A a = 1 & b 3 | c = 7
                           ^
  returns: -1

query>"#"
query>"# Missing logical operator"
query>"select A  a=1 b=3"
	   VDquery: 	 class:   A	body: a 1 1	status: 0

VDQuery syntax error (-16): extra symbols after query
	select A  a=1 b=3
                      ^
  returns: -16

query>"select A  a=1 !b=3"
	   VDquery: 	 class:   A	body: a 1 1	status: 1

VDQuery syntax error (-16): extra symbols after query
	select A  a=1 !b=3
                      ^
  returns: -16

query>"select A  where a=1 !b=3"
	   VDquery: 	 class:   A	body: a 1 1	status: 0

VDQuery syntax error (-16): extra symbols after query
	select A  where a=1 !b=3
                            ^
  returns: -16

query>"select A  (a=1) b=3 & c=5"
	   VDquery: 	 class:   A	body: a 1 1	status: 1

VDQuery syntax error (-16): extra symbols after query
	select A  (a=1) b=3 & c=5
                        ^
  returns: -16

query>"select A a = 1 ; select A  a=1 !!(a=b)"
	   VDquery: 	 class:   A	body: a 1 1	status: 0
	   VDquery: 	 class:   A	body: a 1 1	status: 1
  returns: 1

query>"#"
query>"# Missing right parenthesis"
query>"select A (a=1"
	   VDquery: 	 class:   A	body: a 1 1	status: 0

VDQuery syntax error (-10): missing right parenthesis
	select A (a=1
                     ^
  returns: -10

query>"select A !(a=1 & b=1 "
	   VDquery: 	 class:   A	body: a 1 1	status: 1
	   VDquery: 	 class:   A	body: b 1 1	status: 0

VDQuery syntax error (-10): missing right parenthesis
	select A !(a=1 & b=1 
                             ^
  returns: -10

query>"select A b=1 & (a=1"
	   VDquery: 	 class:   A	body: b 1 1	status: 1
	   VDquery: 	 class:   A	body: a 1 1	status: 0

VDQuery syntax error (-10): missing right parenthesis
	select A b=1 & (a=1
                           ^
  returns: -10

query>"select A (a=1 ; select A a=1)"
	   VDquery: 	 class:   A	body: a 1 1	status: 1

VDQuery syntax error (-10): missing right parenthesis
	select A (a=1 ; select A a=1)
                      ^
  returns: -10

query>"#"
query>"# Missing left parenthesis"
query>"select A a=1)"
	   VDquery: 	 class:   A	body: a 1 1	status: 0

VDQuery syntax error (-11): missing left parenthesis
	select A a=1)
                 ^
  returns: -11

query>"select A !a=1 & b=1)"
	   VDquery: 	 class:   A	body: a 1 1	status: 1
	   VDquery: 	 class:   A	body: b 1 1	status: 0

VDQuery syntax error (-11): missing left parenthesis
	select A !a=1 & b=1)
                 ^
  returns: -11

query>"select A b=1 & a=1)"
	   VDquery: 	 class:   A	body: b 1 1	status: 1
	   VDquery: 	 class:   A	body: a 1 1	status: 0

VDQuery syntax error (-11): missing left parenthesis
	select A b=1 & a=1)
                 ^
  returns: -11

query>"select A a=1) ; select A (a=1)"
	   VDquery: 	 class:   A	body: a 1 1	status: 1

VDQuery syntax error (-11): missing left parenthesis
	select A a=1) ; select A (a=1)
                 ^
  returns: -11

query>"#"
query>"#"
query>"# Extra Select"
query>"select select A a = 1"

VDQuery syntax error (-12): extra keyword: select 
	select select A a = 1
               ^
  returns: -12

query>"select select A - B  a = 1"

VDQuery syntax error (-12): extra keyword: select 
	select select A - B  a = 1
               ^
  returns: -12

query>"select A a = 1 ; select select A a = 1 "
	   VDquery: 	 class:   A	body: a 1 1	status: 0

VDQuery syntax error (-12): extra keyword: select 
	select A a = 1 ; select select A a = 1 
                                ^
  returns: -12

query>"select A a = 1 ; select select A a = 1;  select A a = 1 "
	   VDquery: 	 class:   A	body: a 1 1	status: 1

VDQuery syntax error (-12): extra keyword: select 
	select A a = 1 ; select select A a = 1;  select A a = 1 
                                ^
  returns: -12

query>"select A a = 1 ; select A a = 1;  select select A a = 1 "
	   VDquery: 	 class:   A	body: a 1 1	status: 0
	   VDquery: 	 class:   A	body: a 1 1	status: 1

VDQuery syntax error (-12): extra keyword: select 
	select A a = 1 ; select A a = 1;  select select A a = 1 
                                                 ^
  returns: -12

query>"#"
query>"# Extra Select - out of place"
query>"select A-select a=1"

VDQuery syntax error (-1): syntax error
	select A-select a=1
                 ^
  returns: -1

query>"select A select a=1"

VDQuery syntax error (-16): extra symbols after query
	select A select a=1
                 ^
  returns: -16

query>"select A select = 1"

VDQuery syntax error (-16): extra symbols after query
	select A select = 1
                 ^
  returns: -16

query>"select A a = select "

VDQuery syntax error (-7): missing 2nd operand in expr
	select A a = select 
                     ^
  returns: -7

query>"select A a=1 & a = select "
	   VDquery: 	 class:   A	body: a 1 1	status: 0

VDQuery syntax error (-7): missing 2nd operand in expr
	select A a=1 & a = select 
                           ^
  returns: -7

query>"#"
query>"# Extra Where"
query>"select A where where a = 1"

VDQuery syntax error (-13): extra keyword: where
	select A where where a = 1
                       ^
  returns: -13

query>"select A - B  where where a = 1"

VDQuery syntax error (-13): extra keyword: where
	select A - B  where where a = 1
                            ^
  returns: -13

query>"select A a = 1 ; select A where where a = 1 "
	   VDquery: 	 class:   A	body: a 1 1	status: 1

VDQuery syntax error (-13): extra keyword: where
	select A a = 1 ; select A where where a = 1 
                                        ^
  returns: -13

query>"select A a = 1 ; select A where where a = 1;  select A a = 1 "
	   VDquery: 	 class:   A	body: a 1 1	status: 0

VDQuery syntax error (-13): extra keyword: where
	select A a = 1 ; select A where where a = 1;  select A a = 1 
                                        ^
  returns: -13

query>"select A a = 1 ; select A a = 1;  select A where where a = 1 "
	   VDquery: 	 class:   A	body: a 1 1	status: 1
	   VDquery: 	 class:   A	body: a 1 1	status: 0

VDQuery syntax error (-13): extra keyword: where
	select A a = 1 ; select A a = 1;  select A where where a = 1 
                                                         ^
  returns: -13

query>"#"
query>"# Extra Where - out of place"
query>"select A-where a=1"

VDQuery syntax error (-1): syntax error
	select A-where a=1
                 ^
  returns: -1

query>"select A where = 1"

VDQuery syntax error (-6): missing first operand in expr
	select A where = 1
                      ^
  returns: -6

query>"select A a = where "

VDQuery syntax error (-7): missing 2nd operand in expr
	select A a = where 
                     ^
  returns: -7

query>"select A a=1 & a = where "
	   VDquery: 	 class:   A	body: a 1 1	status: 1

VDQuery syntax error (-7): missing 2nd operand in expr
	select A a=1 & a = where 
                           ^
  returns: -7

query>"#"
query>"# Extra Class name"
query>"select A B "

VDQuery syntax error (-1): syntax error
	select A B 
                   ^
  returns: -1

query>"select A B where a = 1"

VDQuery syntax error (-1): syntax error
	select A B where a = 1
                   ^
  returns: -1

query>"select A B where a = 1 ; select A a=1"

VDQuery syntax error (-1): syntax error
	select A B where a = 1 ; select A a=1
                   ^
  returns: -1

query>"select A where a = 1 ; select A B a=1"
	   VDquery: 	 class:   A	body: a 1 1	status: 0

VDQuery syntax error (-1): syntax error
	select A where a = 1 ; select A B a=1
                                          ^
  returns: -1

query>"#"
query>"# Extra relational operator"
query>"select A a==1"

VDQuery syntax error (-15): extra relational operator
	select A a==1
                   ^
  returns: -15

query>"select A a=1 & b>>=1"
	   VDquery: 	 class:   A	body: a 1 1	status: 1

VDQuery syntax error (-15): extra relational operator
	select A a=1 & b>>=1
                         ^
  returns: -15

query>"select A b>>=1 & a=1"

VDQuery syntax error (-15): extra relational operator
	select A b>>=1 & a=1
                   ^
  returns: -15

query>"select A a=1 ; select A a!!=1"
	   VDquery: 	 class:   A	body: a 1 1	status: 0

VDQuery syntax error (-1): syntax error
	select A a=1 ; select A a!!=1
                                 ^
  returns: -1

query>"#"
query>"# Extra logical operator"
query>"select A  a=1 &| b=3"
	   VDquery: 	 class:   A	body: a 1 1	status: 1
	   VDquery: 	 class:   A	body: b 1 3	status: 0

VDQuery syntax error (-5): missing expression 
	select A  a=1 &| b=3
                      ^
  returns: -5

query>"select A  a=1 @ & !b=3"
	   VDquery: 	 class:   A	body: a 1 1	status: 1
	   VDquery: 	 class:   A	body: b 1 3	status: 0

VDQuery syntax error (-5): missing expression 
	select A  a=1 @ & !b=3
                       ^
  returns: -5

query>"select A  where a=1 || !b=3"
	   VDquery: 	 class:   A	body: a 1 1	status: 1
	   VDquery: 	 class:   A	body: b 1 3	status: 0

VDQuery syntax error (-5): missing expression 
	select A  where a=1 || !b=3
                            ^
  returns: -5

query>"select A  (a=1) ! b=3 & c=5"
	   VDquery: 	 class:   A	body: a 1 1	status: 1

VDQuery syntax error (-16): extra symbols after query
	select A  (a=1) ! b=3 & c=5
                        ^
  returns: -16

query>"select A a = 1 ; select A  a=1 || !!(a=b)"
	   VDquery: 	 class:   A	body: a 1 1	status: 0
	   VDquery: 	 class:   A	body: a 1 1	status: 1
	   VDquery: 	 class:   A	body: a 1 b	status: 0

VDQuery syntax error (-5): missing expression 
	select A a = 1 ; select A  a=1 || !!(a=b)
                                       ^
  returns: -5

query>"#"
query>
