Interactive Query Test	(type ^d to end)
query># $Id: parser_std.out,v 1.1.1.1 2001/01/04 21:09:01 cvs Exp $
query>
query># -------------------------------------------------------------------
query># I/VDS
query>#
query># File:	vds/vdpocket/parser/parser_std.in 
query>#
query># Description:
query>#	standard parser test file 
query>#		run with LEXDEBUG undefined
query>#		correct results in parser_std.out
query>#
query># Dependencies:
query>#
query># Revision History:
query>#	$Log: parser_std.out,v $
query>#	Revision 1.1.1.1  2001/01/04 21:09:01  cvs
query>#	Initial import to CVS
query>#	
query># History:
query>#	MM/DD/YY	AUTHOR		DESCRIPTION
query>#
query>#	01/20/95	tlb		created
query># -------------------------------------------------------------------
query>#
query>"# Class names"
query>"select A-A- A-A -A a = 1"
	   VDquery: 	 class:   A	body: a 1 1	status: 1
  returns: 1

query>"select A - B a = 1 ; select C c = 3"
	   VDquery: 	 class:   A - B	body: a 1 1	status: 0
	   VDquery: 	 class:   C	body: c 1 3	status: 1
  returns: 1

query>"select A - B a = 1 ; select C c = 3; select A - B d = 8"
	   VDquery: 	 class:   A - B	body: a 1 1	status: 0
	   VDquery: 	 class:   C	body: c 1 3	status: 1
	   VDquery: 	 class:   A - B	body: d 1 8	status: 0
  returns: 1

query>"select A - B a = 1 ; select C c = 3; select A - B d = 8; select D d = 8"
	   VDquery: 	 class:   A - B	body: a 1 1	status: 1
	   VDquery: 	 class:   C	body: c 1 3	status: 0
	   VDquery: 	 class:   A - B	body: d 1 8	status: 1
	   VDquery: 	 class:   D	body: d 1 8	status: 0
  returns: 1

query>"#"
query>"# Logical operators - TRUE "
query>"select A !((a = 1) & (a=2))"
	   VDquery: 	 class:   A	body: a 1 1	status: 1
	   VDquery: 	 class:   A	body: a 1 2	status: 0
  returns: 1

query>"select A  (a = 1) | (a=2) "
	   VDquery: 	 class:   A	body: a 1 1	status: 1
	   VDquery: 	 class:   A	body: a 1 2	status: 0
  returns: 1

query>"select A  (a = 1) @ (a=2) "
	   VDquery: 	 class:   A	body: a 1 1	status: 1
	   VDquery: 	 class:   A	body: a 1 2	status: 0
  returns: 1

query>"select A  (a = 1) @ (a=2) "
	   VDquery: 	 class:   A	body: a 1 1	status: 1
	   VDquery: 	 class:   A	body: a 1 2	status: 0
  returns: 1

query>"select A !(a = 1) @ !(a=2) "
	   VDquery: 	 class:   A	body: a 1 1	status: 1
	   VDquery: 	 class:   A	body: a 1 2	status: 0
  returns: 1

query>"#"
query>"#Logical operators - FALSE"
query>"select A  (a = 1) & (a=2) "
	   VDquery: 	 class:   A	body: a 1 1	status: 1
	   VDquery: 	 class:   A	body: a 1 2	status: 0
  returns: 0

query>"select A  (a = 1) & (a=2) "
	   VDquery: 	 class:   A	body: a 1 1	status: 1
	   VDquery: 	 class:   A	body: a 1 2	status: 0
  returns: 0

query>"select A !(a = 1) & !(a=2) "
	   VDquery: 	 class:   A	body: a 1 1	status: 1
	   VDquery: 	 class:   A	body: a 1 2	status: 0
  returns: 0

query>"select A !((a = 1) | (a=2))"
	   VDquery: 	 class:   A	body: a 1 1	status: 1
	   VDquery: 	 class:   A	body: a 1 2	status: 0
  returns: 0

query>"select A !(a = 1) @ (a=2) "
	   VDquery: 	 class:   A	body: a 1 1	status: 1
	   VDquery: 	 class:   A	body: a 1 2	status: 0
  returns: 0

query>"select A  (a = 1) @ !(a=2) "
	   VDquery: 	 class:   A	body: a 1 1	status: 1
	   VDquery: 	 class:   A	body: a 1 2	status: 0
  returns: 0

query>"#"
query>"# Logical operators - alternating true/false "
query>"select A !(a = 1) "
	   VDquery: 	 class:   A	body: a 1 1	status: 1
  returns: 0

query>"select A !(a = 1) "
	   VDquery: 	 class:   A	body: a 1 1	status: 0
  returns: 1

query>"select A !(a = 1) &  (a=2) "
	   VDquery: 	 class:   A	body: a 1 1	status: 1
	   VDquery: 	 class:   A	body: a 1 2	status: 0
  returns: 0

query>"select A  (a = 1) & !(a=2) "
	   VDquery: 	 class:   A	body: a 1 1	status: 1
	   VDquery: 	 class:   A	body: a 1 2	status: 0
  returns: 1

query>"select A !(a = 1) |  (a=2) "
	   VDquery: 	 class:   A	body: a 1 1	status: 1
	   VDquery: 	 class:   A	body: a 1 2	status: 0
  returns: 0

query>"select A  (a = 1) | !(a=2) "
	   VDquery: 	 class:   A	body: a 1 1	status: 1
	   VDquery: 	 class:   A	body: a 1 2	status: 0
  returns: 1

query>"select A  (a = 1) @ !(a=2) "
	   VDquery: 	 class:   A	body: a 1 1	status: 1
	   VDquery: 	 class:   A	body: a 1 2	status: 0
  returns: 0

query>"select A  (a = 1) @  (a=2) "
	   VDquery: 	 class:   A	body: a 1 1	status: 1
	   VDquery: 	 class:   A	body: a 1 2	status: 0
  returns: 1

query>"select A !(a = 1) @  (a=2) "
	   VDquery: 	 class:   A	body: a 1 1	status: 1
	   VDquery: 	 class:   A	body: a 1 2	status: 0
  returns: 0

query>"select A !(a = 1) @ !(a=2) "
	   VDquery: 	 class:   A	body: a 1 1	status: 1
	   VDquery: 	 class:   A	body: a 1 2	status: 0
  returns: 1

query>"#"
query>"# Precedence - Pairs should differ"
query>"select A !a=1 &  a=2"
	   VDquery: 	 class:   A	body: a 1 1	status: 1
	   VDquery: 	 class:   A	body: a 1 2	status: 0
  returns: 0

query>"select A !(a=1 &  a=2)"
	   VDquery: 	 class:   A	body: a 1 1	status: 1
	   VDquery: 	 class:   A	body: a 1 2	status: 0
  returns: 1

query>"#"
query>"# true | true & false"
query>"select A  (a=3 | a=5) | (a=1 | a=2)  & (a=3 & a=5)"
	   VDquery: 	 class:   A	body: a 1 3	status: 1
	   VDquery: 	 class:   A	body: a 1 5	status: 0
	   VDquery: 	 class:   A	body: a 1 1	status: 1
	   VDquery: 	 class:   A	body: a 1 2	status: 0
	   VDquery: 	 class:   A	body: a 1 3	status: 1
	   VDquery: 	 class:   A	body: a 1 5	status: 0
  returns: 1

query>"select A ((a=3 | a=5) | (a=1 | a=2)) & (a=3 & a=5)"
	   VDquery: 	 class:   A	body: a 1 3	status: 1
	   VDquery: 	 class:   A	body: a 1 5	status: 0
	   VDquery: 	 class:   A	body: a 1 1	status: 1
	   VDquery: 	 class:   A	body: a 1 2	status: 0
	   VDquery: 	 class:   A	body: a 1 3	status: 1
	   VDquery: 	 class:   A	body: a 1 5	status: 0
  returns: 0

query>"#"
query>"# true | false & false"
query>"select A  (a=3 | a=5) | (a=1 & a=2)  & (a=3 & a=5)"
	   VDquery: 	 class:   A	body: a 1 3	status: 1
	   VDquery: 	 class:   A	body: a 1 5	status: 0
	   VDquery: 	 class:   A	body: a 1 1	status: 1
	   VDquery: 	 class:   A	body: a 1 2	status: 0
	   VDquery: 	 class:   A	body: a 1 3	status: 1
	   VDquery: 	 class:   A	body: a 1 5	status: 0
  returns: 1

query>"select A ((a=3 | a=5) | (a=1 & a=2)) & (a=3 & a=5)"
	   VDquery: 	 class:   A	body: a 1 3	status: 1
	   VDquery: 	 class:   A	body: a 1 5	status: 0
	   VDquery: 	 class:   A	body: a 1 1	status: 1
	   VDquery: 	 class:   A	body: a 1 2	status: 0
	   VDquery: 	 class:   A	body: a 1 3	status: 1
	   VDquery: 	 class:   A	body: a 1 5	status: 0
  returns: 0

query>"#"
query>"# true @ true | true"
query>"select A  (a=3 | a=5) | (a=1 | a=2)  @ (a=3 | a=5)"
	   VDquery: 	 class:   A	body: a 1 3	status: 1
	   VDquery: 	 class:   A	body: a 1 5	status: 0
	   VDquery: 	 class:   A	body: a 1 1	status: 1
	   VDquery: 	 class:   A	body: a 1 2	status: 0
	   VDquery: 	 class:   A	body: a 1 3	status: 1
	   VDquery: 	 class:   A	body: a 1 5	status: 0
  returns: 1

query>"select A ((a=3 | a=5) | (a=1 | a=2)) @ (a=3 | a=5)"
	   VDquery: 	 class:   A	body: a 1 3	status: 1
	   VDquery: 	 class:   A	body: a 1 5	status: 0
	   VDquery: 	 class:   A	body: a 1 1	status: 1
	   VDquery: 	 class:   A	body: a 1 2	status: 0
	   VDquery: 	 class:   A	body: a 1 3	status: 1
	   VDquery: 	 class:   A	body: a 1 5	status: 0
  returns: 0

query>"#"
query>"# true @ false | true"
query>"select A  (a=3 | a=5) | (a=1 & a=2)  @ (a=3 | a=5)"
	   VDquery: 	 class:   A	body: a 1 3	status: 1
	   VDquery: 	 class:   A	body: a 1 5	status: 0
	   VDquery: 	 class:   A	body: a 1 1	status: 1
	   VDquery: 	 class:   A	body: a 1 2	status: 0
	   VDquery: 	 class:   A	body: a 1 3	status: 1
	   VDquery: 	 class:   A	body: a 1 5	status: 0
  returns: 1

query>"select A ((a=3 | a=5) | (a=1 & a=2)) @ (a=3 | a=5)"
	   VDquery: 	 class:   A	body: a 1 3	status: 1
	   VDquery: 	 class:   A	body: a 1 5	status: 0
	   VDquery: 	 class:   A	body: a 1 1	status: 1
	   VDquery: 	 class:   A	body: a 1 2	status: 0
	   VDquery: 	 class:   A	body: a 1 3	status: 1
	   VDquery: 	 class:   A	body: a 1 5	status: 0
  returns: 0

query>
