/* Do not alter this SPC information: $Revision: 1.13.9.1 $ */
/*
**      NAME:                                                   net_sys.prt
**      AUTHORS:                                                Terry McIntyre
**      CREATION DATE:                                  9/91
**      ABSTRACT:
**      Prototypes for system calls that are NOT wrapped in netsys.c 
**      and netfunc.c. These system calls CAN be refered directly in
**      NET source code.
**
**              NOTE: chk_headers depends on these prototypes being in a set format.
**                      1. 'extern' must be in column 1.
**                      2. if the function has no arguments, the function must end in
**                              '()\n'. See example below.
**                      
**                              extern int function_name()
**                              ;
**
**                      3. if the function has arguments, the functions must end in
**                              '(\n', followed by each argument type on a seperate line.  See
**                              the example below.
**
**                              extern int function_name(
**                                      int,
**                                      char *)
**                              ;
**      
**      REVISION HISTORY:
*/
 
/*
**      INCLUDES
*/

#if defined (__clipper__)
#include <stdio.h>
#include <sys/types.h>
#include <sys/ipc.h>
#include <sys/sem.h>
#include <sys/shm.h>
#include <sys/socket.h>
#include <sys/utsname.h>
#include <netinet/in.h>
#include "lu62usr.h"
#endif

#if defined (sun) || defined(__Sol2__) || defined(Soli)
#include <stdio.h>
#include <sys/types.h>
#include <sys/socket.h>
#include <sys/time.h>
#include <sys/ipc.h>
#include <sys/shm.h>
#include <sys/sem.h>
#include <sys/utsname.h>
#include <netinet/in.h>
#if 0
#include <sys/stat.h>
#include <sys/socket.h>
#include <sys/stropts.h>
#include <sys/poll.h>
#include <netinet/in.h>
#endif
#endif

#if defined (__hpux__)
#include <stdio.h>
#include <sys/types.h>
#include <sys/socket.h>
#include <sys/time.h>
#include <sys/ipc.h>
#include <sys/shm.h>
#include <sys/sem.h>
#include <sys/utsname.h>
#include <netinet/in.h>
#endif

#ifdef vms
#include <stdio.h>
#include <types.h>
#include <stat.h>
#include <in.h>
#endif /* vms */

#if defined(WIN32)
#include <stdio.h>
#include <sys/types.h>
#include <winsock.h>
#endif

#ifdef DOS
#include <stdio.h>
#include <string.h>
#include <stdlib.h>
#include <sys/types.h>
#include <sys/time.h>
#include "dostcpip.h"
#endif

#if defined(sco)
#include <stdio.h>
#include <sys/types.h>
#include <sys/ipc.h>
#include <sys/sem.h>
#include <sys/shm.h>
#include <sys/socket.h>
#include <sys/utsname.h>
#include <netinet/in.h>
#endif

#if defined(WIN32)
#define RISEXPORT _CRTIMP
#else
#define RISEXPORT
#endif

#if defined(unix)
#include <netdb.h>
#endif

/*
**      FUNCTION PROTOTYPES
*/

#if defined (sco)
extern int t_optmgmt(
);
#endif

#if defined(__clipper__)
extern int LU62ATTCH(
	atchstr *)
;
#endif

#if defined(__clipper__)
extern int LU62DETCH(
	void)
;
#endif

#if defined(__clipper__)
extern int MALLOK(
	lu62crb *,
	lu62lcb *)
;
#endif

#if defined(__clipper__)
extern int MDEALC(
	lu62lcb *,
	int)
;
#endif

#if defined(__clipper__)
extern int MPPTRC(
	lu62lcb *,
	char,
	int)
;
#endif

#if defined(__clipper__)
extern int MRCVWT(
	lu62lcb *,
	char *,
	int *)
;
#endif

#if defined(__clipper__)
extern int MSEND(
	lu62lcb *,
	char *,
	int,
	char *,
	int)
;
#endif

/******************************************************************************/

#if defined(unix) || defined(WIN32)
extern RISEXPORT void _exit(
	int)
;
#endif

/******************************************************************************/

#if defined(__Sol2__) || defined(Soli)
extern int _tolower(
	int)
;
#endif

#if defined(__Sol2__) || defined(Soli) || defined(__hpux__)
extern int fileno(
	FILE *)
;
#endif

/******************************************************************************/

#if defined(__clipper__) || defined(sco) || defined(__hpux__)
extern unsigned int alarm(
	unsigned int)
;
#endif
#if defined(sun) || defined(__Sol2__) || defined(Soli)
extern unsigned alarm(
	unsigned)
;
#endif
#if defined(vms)
extern int alarm(
	unsigned int)
;
#endif

/******************************************************************************/

#if defined(__clipper__) || defined(sun) || defined(__hpux__)
extern int bzero(
	void *,
	int)
;
#endif

/******************************************************************************/

#if defined(__clipper__) || defined(vms)
extern char *clh_vbyop(
	unsigned char *,
	unsigned char *,
	unsigned char *,
	int)
;
#endif

/******************************************************************************/

#if defined(__clipper__)
extern int connect(
	int,
	const struct sockaddr *,
	int)
;
#elif defined(sun) || defined(vms) || defined(sco) || defined(DOS) || defined(__Sol2__) || defined (Soli)
extern int connect(
	int,
	struct sockaddr *,
	int)
;
#elif defined(__hpux__)
extern int connect(
	int s,
	const void *addr,
	int addrlen)
;
#elif defined(WIN32)
extern int PASCAL FAR connect(
	SOCKET s,
	const struct sockaddr FAR *name,
	int namelen)
;
#else
	!!! ERROR - DONT KNOW HOW TO CONNECT !!!
#endif

/******************************************************************************/
#if defined(sun)
extern int fscanf()
;
#elif defined(unix) || defined(vms) || defined(WIN32)
extern RISEXPORT int fscanf(
	FILE *,
	const char *,
	...)
;
#endif

/******************************************************************************/
#if defined(sun)
extern int fseek()
;
#elif defined(unix)
extern int fseek(
	FILE *,
	long int,
	int)
;
#endif
#if defined(vms)
extern int fseek(
	FILE *,
	long int,
	int)
;
#endif
#if defined(WIN32)
extern RISEXPORT int fseek(
	FILE *,
	long,
	int)
;
#endif

/******************************************************************************/

#if defined(unix) || defined(vms) || defined(WIN32)
extern RISEXPORT char *getenv(
	const char *)
;
#endif

/******************************************************************************/

#if defined(unix)
extern pid_t getpid(
	void)
;
#endif
#ifdef vms
extern int getpid(
    void)
;
#endif
#if defined(WIN32)
extern int _getpid(
	void)
;
#endif

/******************************************************************************/

#if defined(unix)
extern FILE *fdopen(
	int,
	const char *)
;
#endif
#if defined(vms)
extern FILE *fdopen(
	int,
	char *)
;
#endif
#if defined(WIN32)
extern RISEXPORT FILE *_fdopen(
	int,
	const char *)
;
#endif

/******************************************************************************/

#if defined(unix) || defined(vms) || defined(WIN32)
extern RISEXPORT int fflush(
	FILE *)
;
#endif

/******************************************************************************/
#if defined(sun)
extern int fprintf()
;
#elif defined(unix) || defined(vms) || defined(WIN32)
extern RISEXPORT int fprintf(
	FILE *,
	const char *,
	...)
;
#endif

/******************************************************************************/

#if defined(__clipper__)
#ifdef LATER
extern u_short htons(
	u_short)
;
#else
extern u_short htons()
;
#endif
#endif

/******************************************************************************/

#if defined(__Sol2__) || defined(Soli) || defined(__hpux__)
extern unsigned long inet_addr(
	const char *)
;
#elif defined(__clipper__) || defined(sun) || defined(sco)
extern unsigned long inet_addr(
	char *)
;
#endif

#if defined(vms)
extern int inet_addr(
	char *)
;
#endif
#if defined(WIN32)
extern unsigned long PASCAL inet_addr(
	const char FAR *cp)
;
#endif
#if defined(DOS)
extern unslword inet_addr(
	char *)
;
#endif

/******************************************************************************/

#if defined(unix) || defined(vms) || defined(DOS)
extern char *inet_ntoa(
	struct in_addr)
;
#endif

#if defined(WIN32)
extern char FAR * PASCAL FAR inet_ntoa(
	struct in_addr in)
;
#endif

/******************************************************************************/

#if defined(unix) || defined(vms) || defined(WIN32)
extern void *memcpy(
	void *,
	const void *,
	size_t)
;
extern void *memset(
	void *,
	int,
	size_t)
;
#endif

/******************************************************************************/

#if defined(__clipper__)
#ifdef LATER
extern u_short ntohs(
	u_short)
;
#else
extern u_short ntohs()
;
#endif
#endif

/******************************************************************************/
#if defined(sun)
extern int printf()
;
#elif defined(unix) || defined(vms) || defined(WIN32)
extern RISEXPORT int printf(
	const char *,
	...)
;
#endif

/******************************************************************************/
#if defined(sun)
extern int putenv()
;
#elif defined(__hpux__) || defined(sco) || defined(WIN32) || defined(vms)
extern RISEXPORT int putenv(
	const char *)
;
#elif defined(unix)
extern int putenv(
	char *)
;
#endif
/******************************************************************************/

#if defined(__clipper__)
extern ssize_t read(
	int ,
	void *,
	size_t)
;
#elif defined(sun) || defined(sco)
extern int read(
	int ,
	char *,
	unsigned int)
;
#elif defined(unix)
extern int read(
	int,
	void *,
	unsigned int)
;
#elif defined(vms)
extern int read(
	int ,
	void *,
	int)
;
#elif defined(WIN32)
extern RISEXPORT int _read(
	int ,
	void *,
	unsigned int)
;
#endif

/******************************************************************************/

#if defined(__clipper__) || defined(vms)
extern char *sni_rxw(
	long *,
	char *,
	int *,
	long)
;
#endif

/******************************************************************************/

#if defined(__clipper__) || defined(vms)
extern char *sni_txw(
	long *,
	char *,
	int *,
	long)
;
#endif

/******************************************************************************/
#if defined(sun)
extern int sscanf()
;
#elif defined(unix) || defined(WIN32)
extern RISEXPORT int sscanf(
	const char *,
	const char *,
	...)
;
#elif defined(vms)
extern int sscanf(
	const char *,
	const char *,
	...)
;
#endif

/******************************************************************************/

#if defined(unix) && !defined(__hpux__)
extern int select(
	int nfds,
	fd_set *readfds,
	fd_set *writefds,
	fd_set *exceptfds,
	struct timeval *timeout)
;
#elif defined(__hpux__)
extern int select(
	size_t,
	int *,
	int *,
	int *,
	const struct timeval *)
;
#elif defined(vms)
extern int select(
	int nfds,
	int *readfds,
	int *writefds,
	int *exceptfds,
	struct timeval *timeout)
;
#elif defined(WIN32)
extern int PASCAL FAR select(
	int nfds,
	fd_set FAR *readfds,
	fd_set FAR *writefds,
	fd_set FAR *exceptfds,
	const struct timeval FAR *timeout)
;
#endif

/******************************************************************************/

#if defined (unix)
extern int semctl(
	int semid,
	int semnun,
	int cmd,
	...)
;
#endif

/******************************************************************************/

#if defined (unix)
extern int semget(
	key_t,
	int,
	int)
;
#endif

/******************************************************************************/

#if defined (__clipper__) || defined (sun)
extern int semop(
	int,
	struct sembuf *,
	int)
;
#elif defined(sco) || defined(__Sol2__) || defined (Soli) || defined(__hpux__)
extern int semop(
	int,
	struct sembuf *,
	unsigned int)
;
#endif

/******************************************************************************/

#if defined (sun) || defined(sco)
extern int setsockopt(
	int,
	int,
	int,
	char *,
	int)
;
#elif defined(__hpux__)
extern int setsockopt(
	int,
	int,
	int,
	const void *,
	int)
;
#elif defined(__Sol2__) || defined(Soli)
extern int setsockopt(
	int,
	int,
	int,
	const char *,
	int)
;
#elif defined(__clipper__)
extern int setsockopt(
        int,
        int,
        int,
        const char *,
        int)
;
#endif

/******************************************************************************/

#if defined (__clipper__) || defined (sun) || defined(sco)
extern char *shmat(
	int,
	char *,
	int)
;
#elif defined(__hpux__) || defined(__Sol2__)
extern void *shmat(
	int,
	const void *,
	int)
;
#elif defined(Soli)
extern void *shmat(
	int,
	const void *,
	int)
;
#endif

/******************************************************************************/

#if defined(__clipper__) || defined(sun) || defined(__Sol2__) || defined(sco) || defined(__hpux__)
extern int shmctl(
	int,
	int,
	struct shmid_ds *)
;
#elif defined(Soli)
extern int shmctl(
	int,
	int,
	struct shmid_ds *)
;
#endif

/******************************************************************************/

#if defined(__clipper__) || defined(sun) || defined(__Sol2__) || defined(sco) || defined(Soli)
extern int shmdt(
	char *)
;
#elif defined (__hpux__)
extern int shmdt(
	const void *)
;
#endif

/******************************************************************************/

#if defined(__hpux__) || defined(__Sol2__) || defined(Soli)
extern int shmget(
	key_t,
	size_t,
	int)
;
#elif defined(unix)
extern int shmget(
	key_t,
	int,
	int)
;
#endif

/******************************************************************************/

#if defined (unix) && !defined(__hpux__)
extern int sigpause(
	int)
;
#endif

/******************************************************************************/

#if defined(unix)
extern unsigned int sleep(
	unsigned int)
;
#elif defined(vms)
extern int sleep(
	unsigned int)
;
#elif defined(WIN32)
extern RISEXPORT void _sleep(
	unsigned long)
;
#endif

/******************************************************************************/
#if defined(sun)
extern int sprintf()
;
#elif defined(unix) || defined(vms) || defined(WIN32)
extern RISEXPORT int sprintf(
	char *,
	const char *,
	...)
;
#endif

/********************************************************************************************/

#if defined(unix) || defined(vms) || defined(WIN32)
extern char *strcat(
	char *,
	const char *)
;
extern RISEXPORT char *strchr(
	const char *s,
	int)
;
extern int strcmp(
	const char *,
	const char *)
;
extern char *strcpy(
	char *,
	const char *)
;
extern size_t strlen(
	const char *s)
;
extern RISEXPORT int strncmp(
	const char *,
	const char *,
	size_t)
;
extern RISEXPORT char *strncpy(
	char *,
	const char *,
	size_t)
;
extern RISEXPORT char *strrchr(
	const char *s,
	int)
;
#endif

/********************************************************************************************/

#if defined(unix) || defined(WIN32)
extern RISEXPORT char *strerror(
	int)
;
#endif
#if defined(vms)
extern char *strerror(
	int,
	...)
;
#endif

/******************************************************************************/

#if defined(unix) || defined(vms) || defined(WIN32)
extern RISEXPORT time_t time(
	time_t *)
;
#endif

/******************************************************************************/

#if defined(unix)
extern int uname(
	struct utsname *)
;
#endif

/******************************************************************************/

#if defined(__clipper__) || defined(sun)
extern int vfork(
	void)
;
#elif defined(__Sol2__) || defined(Soli) || defined(__hpux__)
extern pid_t vfork(
	void)
;
#elif defined(sco)
extern pid_t fork(
	void)
;
#endif

/******************************************************************************/

#if defined(__clipper__)
extern ssize_t write(
	int,
	const void *,
	size_t)
;
#elif defined(sun) || defined(sco)
extern int write(
	int,
	char *,
	unsigned int)
;
#elif defined(unix)
extern ssize_t write(
	int,
	const void *,
	unsigned)
;
#elif defined(vms)
extern int write(
	int,
	void *,
	int)
;
#elif defined(WIN32)
extern RISEXPORT int _write(
	int,
	const void *,
	unsigned int)
;
#endif

/******************************************************************************/

#if defined(unix) || defined(WIN32)
extern int UMSClearMsg(
  char *)
;
#endif

/******************************************************************************/

#if defined(unix)
extern int UMSGetByNum(
  char *,
  long,
  char *,
  ...)
;
#endif
#if defined(WIN32)
extern int UMSGetByNum(
	char msgBuf[],
	long msgNum,
	char *msgFmt,
	...)
;
#endif

/******************************************************************************/

#if defined(unix) || defined(WIN32)
extern int UMSInitMsg(
  char *,
  int)
;
#endif

/******************************************************************************/

#if defined(unix) || defined(WIN32) 
extern int UMSGetKeyByNum(
  char *,
  char *,
  long)
;
#endif

/******************************************************************************/

#if defined(sco) || defined(__Sol2__) || defined(Soli) || defined(__hpux__)
extern int    unlink(
	const char *)
;
#endif

/******************************************************************************/
#if defined(__hpux__)
extern int recv(
	int s,
	void *buf,
	int len,
	int flags)
;
#elif defined(unix)
extern int recv(
	int s,
	char *buf,
	int len,
	int flags)
;
#endif

/******************************************************************************/
#if defined(__hpux__)
extern int send(
	int,
	const void *,
	int,
	int)
;
#elif defined(unix)
extern int send(
	int s,
	const char *msg,
	int len,
	int flags)
;
#endif

/******************************************************************************/

#if defined(__hpux__) || defined(__Sol2__) || defined(Soli)  
extern int dup(
     int)
;
#endif
/******************************************************************************/

#if defined(__hpux__)
extern int getpeername(
       int, 
       void *, 
       int *)
;
#elif defined(unix)
extern int getpeername(
       int s,
       struct sockaddr *name,
       int *namelen)
;
#endif
/******************************************************************************/

#if defined(__hpux__)
extern int isspace(
	int c)
;
#endif
/******************************************************************************/
