/* Do not alter this SPC information: $Revision: 1.1.54.1 $ */
#include <FI.h>
#include <FIdyn.h>

extern int FI_append_form_path(
	char *form_path)
;

extern int FI_append_symbol_path(
	char *symbol_path)
;

extern int FI_clear_event(
	long event
)
;

extern int FI_message_box(
	int screen, 
	int xpos, 
	int ypos, 
	char *title,
	int title_color, 
	char *title_font,
	double title_bodysize, 
	char *message,
	int message_color, 
	char *message_font,
	double message_bodysize, 
	int display_mode,
	int line_length)
;

extern int FI_process_forms(
	void)
;

extern int FIf_display(
	Form form)
;

extern int FIf_erase(
	Form form)
;

extern int FIf_get_location(
	Form form,
	int *xpos,
	int *ypos)
;

extern int FIf_get_size(
	Form form,
	int *xsize,
	int *ysize)
;

extern int FIf_is_displayed(
	Form form,
	int *status)
;

extern int FIf_new(
	int label,
	char *form_name,
	int (*notification_routine)(int,int,double,Form), 
	Form *form)
;

extern int FIf_SetDefaultButton(
	Form fp,
	long button)
;

extern int FIf_set_initial_notification_routine(
	Form form,
    void (*notification_routine)(int, int, double, Form))
;

extern int FIf_set_location(
	Form form,
	int xpos,
	int ypos)
;

extern int FIf_set_window_event_routine(
	Form form,
	int (*routine)())
;

extern int FIfld_delete_rows(
	Form form, 
	int label, 
	int start_row,
	int num_rows)
;

extern int FIfld_get_active_row(
	Form form, 
	int label,
	int *row, 
	int *pos)
;

extern int FIfld_get_attr(
	Form form, 
	int label, 
	int col,
	long *attr_mask)
;

extern int FIfld_get_list_num_rows(
	Form form,
	int label,
	int col,
    int *num_rows)
;

extern int FIfld_get_list_text(
	Form form,
	int label,
	int row,
	int col,
    int num_ch,
	unsigned char *text,
	int *sel_flg)
;

extern int FIfld_get_num_rows(
	Form form, 
	int label, 
	int *num_rows)
;

extern int FIfld_get_num_vis_chars(
	Form form,
	int label,
	int col,
	int *num_chars)
;

extern int FIfld_set_num_vis_chars(
	Form form,
	int label,
	int col,
	int num_chars)
;


extern int FIfld_get_num_vis_rows(
	Form form,
	int label,
	int *num_rows)
;

extern int FIfld_get_row_offset(
	Form form, 
	int label,
	int *row_offset)
;

extern int FIfld_get_select(
	Form form,
	int label,
	int row,
	int col,
	int *sel_flg)
;

extern int FIfld_get_text(
	Form form, 
	int label, 
	int row, 
	int col,
	int num_ch, 
	unsigned char *text,
	int *sel_flg, 
	int *r_pos)
;

extern int FIfld_get_text_length(
	Form form,
	int label,
	int row,
	int col,
	int *length)
;

extern int FIfld_get_value(
	Form form, 
	int label, 
	int row, 
	int col,
	double *value, 
	int *sel_flg, 
	int *r_pos)
;

extern int FIfld_insert_blank_row(
	Form form, 
	int label, 
	int row)
;

extern int FIfld_pos_cursor(
	Form form, 
	int label, 
	int row, 
	int r_pos,
	int col, 
	int col_pos, 
	int ch, 
	int ch_pos)
;

extern int FIfld_set_active_char(
	Form form,
	int label,
	int col,
	int ch,
	int pos)
;

extern int FIfld_set_active_row(
	Form form, 
	int label, 
	int row,
	int pos)
;

extern int FIfld_set_attr(
	Form form, 
	int label, 
	int col,
	long attr_mask)
;

extern int FIfld_set_list_num_rows(
	Form form,
	int label,
	int col,
	int num_rows)
;

extern int FIfld_set_list_default_text(
	Form form,
	int label,
	int row,
	int col,
	char *text,
	int sel_flg)
;

extern int FIfld_set_list_select(
	Form form,
	int label,
	int row,
	int col,
	int sel_flg)
;

extern int FIfld_set_list_text(
	Form form,
	int label,
	int row,
	int col,
	char *text,
	int sel_flg)
;


extern int FIfld_set_max_num_chars(
	Form form,
	int label,
	int col,
	int num_chars)
;

extern int FIfld_set_max_num_rows(
	Form form,
	int label,
	int num_rows)
;

extern int FIfld_set_num_rows(
	Form form, 
	int label, 
	int num_rows)
;

extern int FIfld_set_select(
	Form form, 
	int label, 
	int row, 
	int col,
	int sel_flg)
;

extern int FIfld_set_text(
	Form form,
	int label,
	int row, 
	int col,
	char *apptext, 
	int sel_flg)
;

extern int FIfld_set_value(
	Form form, 
	int label, 
	int row, 
	int col,
	double value, 
	int sel_flg)
;

extern int FIg_activate(
	Form form,
	int label)
;

extern int FIg_disable(
	Form form, 
	int label)
;

extern int FIg_display(
	Form form, 
	int label)
;

extern int FIg_enable(
	Form form, 
	int label)
;

extern int FIg_erase(
	Form form, 
	int label)
;

extern int FIg_get_attr(
	Form form, 
	int label, 
	int *attr_mask)
;

extern int FIg_get_high_value(
	Form form,
	int label,
	double *high_value)
;

extern int FIg_get_location(
	Form form,
	int label,
	int *xpos,
	int *ypos)
;

extern int FIg_get_low_value(
	Form form,
	int label,
	double *low_value)
;

extern int FIf_get_next_label(
	Form form,
	int *next_label)
;

extern int FIg_get_state(
	Form form, 
	int label, 
	int *state)
;

extern int FIg_get_size(
	Form form,
	int label,
	int *xsize,
	int *ysize)
;

extern int FIg_get_text(
	Form form, 
	int label, 
	char *text)
;

extern int FIg_get_text_length(
	Form form, 
	int label, 
	int *length)
;

extern int FIg_get_value(
	Form form,
	int label,
	double *value)
;

extern int FIg_hilite(
	Form form, 
	int label)
;

extern int FIg_new(
	Form form,
	int gadget_type,
	int label)
;

extern int FIg_set_color(
	Form form,
	int label,
	int color)
;

extern int FIg_set_continuous_routine(
	Form form,
	int label,
	int (*cont_routine)())
;

extern int FIg_set_high_value(
	Form form,
	int label,
	double high_value)
;

extern int FIg_set_line_weight(
	Form form,
	int label,
	int wt)
;

extern int FIg_set_low_value(
	Form form,
	int label,
	double low_value)
;

extern int FIg_set_pass_data(
	Form form,
	int label,
	int next_label)
;

extern int FIg_set_standard_variables(
	Form form,
	int label,
	struct standard_st *str)
;

extern int FIg_set_state(
	Form form, 
	int label, 
	int state)
;

extern int FIg_set_state_off(
	Form form, 
	int label) 
;

extern int FIg_set_state_on(
	Form form, 
	int label) 
;

extern int FIg_set_text(
	Form form, 
	int label, 
	char *text)
;

extern int FIg_set_value(
	Form form,
	int label,
	double value)
;

extern int FIg_unhilite(
	Form form, 
	int label)
;

extern int FIgrp_add_to_group(
	Form form, 
	int group_gadget_label,
	int to_group_label)
;

extern int FImcf_get_select(
	Form form, 
	int label, 
	int row,
	int *sel_flg)
;

extern int FImcf_set_select(
	Form form, 
	int label, 
	int row,
	int sel_flg)
;

extern int FImcf_set_active_col(
	Form form, 
	int label, 
	int row,
	int col)
;

extern int FIscrl_get_view(
	Form form,
	int label,
	double *view)
;

extern int FIscrl_set_view(
	Form form,
	int label,
	double view)
;

extern int FIf_set_start_seq(
	Form form,
	int label)
;
extern int FIgrp_callback(
		Form form,
		int group,
		void (*func)(),
		void *arg)
;

extern int FIg_get_type(
		Form form,
		int label,
		int *type)
;

extern int FImcf_get_num_cols(
			Form form,
			int label,
			int *num_col )
;
extern int FImcf_get_num_vis_cols(
			Form form,
			int label,
			int *num_col )
;
extern int FImcf_delete_col(
			Form form,
			int label,
			int col )
;

extern int FImcf_set_num_vis_cols(
			Form form,
			int label,
			int num_col )
;

extern int FImcf_set_num_cols(
		Form form,
		int label,
		int num_col )
;

extern int FImcf_insert_col(
		Form form,
		int label,
		int col,
		int chars,
		int mode,
		int type )
;

extern int FIg_delete(
		Form form,
		int label)
;

extern int FImcf_set_high_value(
	Form form, 
	int label, 
	int col,
	double val)
;
extern int FImcf_get_high_value(
	Form form, 
	int label, 
	int col,
	double *val)
;

extern int FIg_get_font(
		Form form,
		int label,
		char *fontname,
		float *size)
;

extern int FIg_set_font(
		Form form,
		int label,
		char *fontname,
		float size)
;

extern int FIg_set_justification(
		Form form,
		int label,
		int just)
;

