#include <stdio.h>
#include <sys/types.h>

/******************************************************************************/

extern int _filbuf(
	FILE *)
;

/******************************************************************************/

#if defined(__clipper__) || defined(sun) || defined(sco)
extern int access(
	char *,
	int)
;
#elif defined(__Sol2__) || defined(Soli) || defined(__hpux__)
extern int access(
	const char *,
	int)
;
#elif defined(WIN32) || defined(DOS)
extern int _access(
	char *,
	int)
;
#endif

/******************************************************************************/

extern void exit(
	int)
;

/******************************************************************************/

extern int fclose(
	FILE *)
;

/******************************************************************************/

extern char *fgets(
	char *,
	int,
	FILE *)
;

/******************************************************************************/

extern FILE *fopen(
	const char *,
	const char *)
;

/******************************************************************************/

#if defined(sun)
extern int fprintf()
;
#elif defined(unix)
extern int fprintf(
	FILE *,
	const char *,
	...)
;
#endif

/******************************************************************************/

extern int fputs(
	const char *,
	FILE *)
;

/******************************************************************************/

extern void *malloc(
	size_t)
;

/******************************************************************************/

#if defined(sun)
extern void *memcpy()
;
#elif defined(unix) || defined(WIN32) || defined(DOS)
extern void *memcpy(
	void *, 
	const void *, 
	size_t)
;
#endif

/******************************************************************************/

#if defined(sun)
extern void *memset()
;
#elif defined(unix) || defined(WIN32) || defined(DOS)
extern void *memset(
	void *,
	int,
	size_t)
;
#endif

/******************************************************************************/

extern void    perror(
	const char *)
;

/******************************************************************************/

#if defined(sun)
extern int printf()
;
#elif defined(unix)
extern int printf(
	const char *,
	...)
;
#endif

/******************************************************************************/

extern int remove(
	const char *)
;

/******************************************************************************/

extern int rename(
	const char *,
	const char *)
;

/******************************************************************************/

#if defined(sun)
extern int  sprintf()
;
#elif defined(unix)
extern int sprintf(
	char *,
	const char *,
	...)
;
#endif

/******************************************************************************/

extern char *strcat(
	char *,
	const char *)
;

/******************************************************************************/

extern char *strchr(
	const char *,
	int)
;

/******************************************************************************/

extern int strcmp(
	const char *,
	const char *)
;

/******************************************************************************/

extern char *strcpy(
	char *,
	const char *)
;

/******************************************************************************/

extern size_t strlen(
	const char *)
;

/******************************************************************************/

extern int strncmp(
	const char *,
	const char *,
	size_t)
;

/******************************************************************************/

extern char *strrchr(
	const char *s,
	int)
;

/******************************************************************************/

extern int system(
	const char *)
;

/******************************************************************************/

#if defined(sco) || defined(__Sol2__) || defined(Soli)
extern int unlink(
	const char *)
;
#endif

/******************************************************************************/

#if defined(__clipper__) || defined(__hpux__)
extern int vfprintf(
	FILE *, 
	const char *, 
	__va_list)
;
#elif defined(sun)
extern int vfprintf(
	FILE *,
	const char *,
	...)
;
#elif defined(sco)
extern int vfprintf(
	FILE *, 
	const char *, 
	va_list)
;
#elif defined(__Sol2__) || defined(Soli)
extern int vfprintf(
	FILE *, 
	const char *, 
	void *)
;
#endif

/******************************************************************************/

#if defined(__clipper__) || defined(__hpux__)
extern int vsprintf(
	char *,
	const char *,
	__va_list)
;
#elif defined(sun)
extern int vsprintf(
	char *,
	const char *,
	...)
;
#elif defined(sco)
extern int vsprintf(
	char *,
	const char *,
	va_list)
;
#elif defined(__Sol2__) || defined(Soli)
extern int vsprintf(
	char *,
	const char *,
	void *)
;
#endif

/******************************************************************************/

#if defined(__Sol2__) || defined(Soli)
extern int toupper(
	int)
;
extern int _toupper(
	int)
;
#endif

/******************************************************************************/

#if defined(__hpux__)
extern int isspace(
	int c)
;
extern int islower(
	int c)
;
extern int __toupper(
	int c)
;
#endif

/******************************************************************************/
