/*
**    NAME:                          sys.prt
**    AUTHORS:                       Terry McIntyre
**    CREATION DATE:                  9/91
**    ABSTRACT:
**      Prototypes for system calls that are NOT wrapped in comsys.c 
**      and comfunc.c. These system calls CAN be refered directly in
**      RIS source code.
**
**        NOTE: chk_headers depends on these prototypes being in a set format.
**            1. 'extern' must be in column 1.
**            2. if the function has no arguments, the function must end in
**                '()\n'. See example below.
**            
**                extern int function_name()
**                ;
**
**            3. if the function has arguments, the functions must end in
**                '(\n', followed by each argument type on a seperate line.  See
**                the example below.
**
**                extern int function_name(
**                    int,
**                    char *)
**                ;
**    
**    REVISION HISTORY:
*/

/*
**    INCLUDES
*/
#include <stdio.h>
#include <sys/types.h>
#include <setjmp.h>
#if defined(unix)
#include <sys/time.h>
#include <sys/times.h>
#include <sys/stat.h>
#include <dirent.h>
#endif
#if defined(WIN32)
#include <time.h>
#endif

#if defined(WIN32)
#define RISEXPORT _CRTIMP
#else
#define RISEXPORT
#endif

/******************************************************************************/

#if defined(__clipper__) || defined(sco) || defined(__hpux__)
extern int access(
	const char *,
	int)
;
#elif defined(sun) 
extern int access(
	char *,
	int)
;
#elif defined(__Sol2__) || defined(Soli)
extern int access(
	const char *,
	int)
;
#elif defined(WIN32) || defined(DOS)
extern RISEXPORT int _access(
	const char *,
	int)
;
#else
ERROR -- NO CODE
#endif

/******************************************************************************/

#if defined(WIN32) || defined(DOS) || defined (unix) 
extern RISEXPORT double atof(
	const char *)
;
#else
ERROR -- NO CODE
#endif

/******************************************************************************/

#if defined(unix) || defined(WIN32) || defined(DOS)
extern RISEXPORT int atoi(
	const char *)
;
#else
ERROR -- NO CODE
#endif

/******************************************************************************/

#if defined(unix) || defined(WIN32) || defined(DOS) 
extern RISEXPORT void *calloc(
	size_t, 
	size_t)
;
#else
ERROR -- NO CODE
#endif

/******************************************************************************/

#if defined(__clipper__) || defined(sun)  || defined(__hpux__) || defined(sco) 
extern int chdir(
	const char *path)
;
#elif defined(WIN32) || defined(DOS)
extern int _chdir(
	const char *path)
;
#elif defined(__Sol2__) || defined(Soli)
extern int chdir(
	const char *)
;
#else
ERROR -- NO CODE
#endif

/******************************************************************************/

#if defined(unix)
extern int closedir(
	DIR *)
;
#elif defined(WIN32) || defined(DOS)
#else
ERROR -- NO CODE
#endif

/******************************************************************************/

#if defined(unix) || defined(WIN32) || defined (DOS)
extern RISEXPORT char *ctime(
	const time_t *)
;
#else
ERROR -- NO CODE
#endif

/******************************************************************************/

#if defined(unix) || defined(WIN32) || defined (DOS)
extern RISEXPORT void exit(
	int)
;
#else
ERROR -- NO CODE
#endif

/******************************************************************************/

#if defined(unix) || defined(WIN32) || defined (DOS)
extern RISEXPORT int fclose(
	FILE *)
;
#else
ERROR -- NO CODE
#endif

/******************************************************************************/

#if defined(unix) || defined(WIN32) || defined (DOS)
extern RISEXPORT int fflush(
	FILE *)
;
#else
ERROR -- NO CODE
#endif

/******************************************************************************/

#if defined(unix) || defined(WIN32) || defined (DOS)
extern RISEXPORT char *fgets(
	char *,
	int,
	FILE *)
;
#else
ERROR -- NO CODE
#endif

/******************************************************************************/

#if defined(unix) || defined(WIN32) || defined (DOS)
extern RISEXPORT FILE *fopen(
	const char *,
	const char *)
;
#else
ERROR -- NO CODE
#endif

/******************************************************************************/

#if defined(sun)
extern int fprintf()
;
#elif defined(unix) || defined(WIN32) || defined (DOS)
extern RISEXPORT int fprintf(
	FILE *,
	const char *,
	...)
;
#else
ERROR -- NO CODE
#endif

/******************************************************************************/

#if defined(unix) || defined(WIN32) || defined (DOS)
extern RISEXPORT int fputc(
	int, 
	FILE *);
#else
ERROR -- NO CODE
#endif

/******************************************************************************/

#if defined(unix) || defined(WIN32) || defined (DOS)
extern RISEXPORT int fputs(
	const char *,
	FILE *)
;
#else
ERROR -- NO CODE
#endif

/******************************************************************************/

#if defined(unix) || defined(WIN32) || defined (DOS)
extern RISEXPORT size_t fread(
	void *,
	size_t,
	size_t,
	FILE *)
;
#else
ERROR -- NO CODE
#endif

/******************************************************************************/

#if defined(unix) || defined(WIN32) || defined (DOS)
extern RISEXPORT void free(
	void *)
;
#else
ERROR -- NO CODE
#endif

/******************************************************************************/

#if defined(unix) || defined(WIN32) || defined (DOS)
extern RISEXPORT FILE *freopen(
	const char *, 
	const char *, 
	FILE *)
;
#else
ERROR -- NO CODE
#endif

/******************************************************************************/

#if defined(__clipper__) || defined(WIN32) || defined(DOS) || defined(sco) || defined(__Sol2__) || defined(Soli) || defined(__hpux__)
extern RISEXPORT int fscanf(
	FILE *,
	const char *,
	...)
;
#elif defined(sun) 
extern int  fscanf()
;
#else
ERROR -- NO CODE
#endif

/******************************************************************************/

#if defined(unix) || defined(WIN32) || defined (DOS)
extern RISEXPORT int fseek(
	FILE *, 
	long int, 
	int)
;
#else
ERROR -- NO CODE
#endif

/******************************************************************************/

#if defined(sco)
extern long ftell(
	const FILE *)
;
#elif defined(unix) || defined(WIN32) || defined(DOS)
extern RISEXPORT long ftell(
	FILE *)
;
#else
ERROR -- NO CODE
#endif

/******************************************************************************/

#if defined(unix)
extern uid_t getuid(
	void)
;
#elif defined(WIN32) || defined(DOS)
#else
ERROR -- NO CODE
#endif

/******************************************************************************/

#if defined(unix)
extern int ioctl(
	int,
	int,
	...)
;
#elif defined(WIN32) || defined(DOS)
#else
ERROR -- NO CODE
#endif

/******************************************************************************/

#if defined(__clipper__) || defined(__Sol2__) || defined(Soli) || defined(__hpux__)
extern char *getcwd(
	char *,
	size_t)
;
#elif defined(sco)
extern char *getcwd(
	char *,
	int)
;
#elif defined(sun) 
extern char *getcwd(
	char *,
	int)
;
#elif defined(WIN32) || defined(DOS)
extern char *_getcwd(
	char *,
	int)
;
#else
ERROR -- NO CODE
#endif

/******************************************************************************/

#if defined(unix) || defined(WIN32) || defined (DOS)
extern RISEXPORT char *getenv(
	const char *)
;
#else
ERROR -- NO CODE
#endif

/******************************************************************************/

#if defined(sun)
extern int putenv()
;
#elif defined(__hpux__) || defined(WIN32) || defined(DOS)
extern RISEXPORT int putenv(
	const char *)
;
#elif defined(unix)
extern int putenv(
	char *)
;
#endif

/******************************************************************************/

#if defined(__clipper__) || defined(sun) || defined(__hpux__) || defined(sco) 
extern int getitimer(
	int which,
	struct itimerval *value)
;
#elif defined(__Sol2__) || defined(Soli)
extern int getitimer(
	int,
	struct itimerval *)
;
#elif defined(WIN32) || defined(DOS)
#else
ERROR -- NO CODE
#endif

/******************************************************************************/

#if defined(__clipper__) || defined(sun) 
extern int getopt(
	int,
	char **,
	char *)
;
#elif defined(sco)
extern int getopt(
	int,
	const char *const *,
	const char *)
;
#elif defined(__hpux__) || defined(__Sol2__) || defined(Soli)
extern int getopt(
	int,
	char * const *,
	const char *)
;
#elif defined(WIN32) || defined(DOS)
#else
ERROR -- NO CODE
#endif

/******************************************************************************/

#if defined(unix) || defined(WIN32) || defined (DOS)
extern RISEXPORT char *gets(
	char *)
;
#else
ERROR -- NO CODE
#endif

/******************************************************************************/

#if defined(unix) || defined(WIN32) || defined (DOS)
extern RISEXPORT void *malloc(
	size_t)
;
#else
ERROR -- NO CODE
#endif

/******************************************************************************/

#if defined(sun)
extern void *memcpy()
;
#elif defined(unix) || defined(WIN32) || defined(DOS)
extern void *memcpy(
	void *, 
	const void *, 
	size_t)
;
#else
ERROR -- NO CODE
#endif

/******************************************************************************/

#if defined(sun)
extern void *memset()
;
#elif defined(unix) || defined(WIN32) || defined(DOS)
extern void *memset(
	void *,
	int,
	size_t)
;
#else
ERROR -- NO CODE
#endif

/******************************************************************************/

#if defined(unix)
extern DIR	*opendir(
	const char *)
;
#elif defined(WIN32) || defined(DOS)
#else
ERROR -- NO CODE
#endif

/******************************************************************************/

#if defined(sun)
extern int printf()
;
#elif defined(unix) || defined(WIN32) || defined(DOS)
extern RISEXPORT int printf(
	const char *,
	...)
;
#else
ERROR -- NO CODE
#endif

/******************************************************************************/

#if defined(unix) || defined(WIN32) || defined (DOS)
extern RISEXPORT int puts(
	const char *)
;
#else
ERROR -- NO CODE
#endif

/******************************************************************************/

#if defined(sun)
extern void qsort()
;
#elif defined(unix) || defined(WIN32) || defined(DOS)
extern RISEXPORT void qsort(
	void *,
	size_t,
	size_t,
	int (*)(const void *, const void *))
;
#else
ERROR -- NO CODE
#endif

/******************************************************************************/

#if defined(unix)
extern struct dirent *readdir(
	DIR *)
;
#elif defined(WIN32) || defined(DOS)
#else
ERROR -- NO CODE
#endif

/******************************************************************************/

#if defined(unix) || defined(WIN32) || defined (DOS)
extern RISEXPORT void *realloc(
	void *,
	size_t)
;
#else
ERROR -- NO CODE
#endif

/******************************************************************************/

#if defined(unix) || defined(WIN32) || defined (DOS)
extern RISEXPORT int remove(
	const char *)
;
#else
ERROR -- NO CODE
#endif

/******************************************************************************/

#if defined(unix) || defined(WIN32) || defined (DOS)
extern RISEXPORT void rewind(
	FILE *)
;
#else
ERROR -- NO CODE
#endif

/******************************************************************************/

#if defined(sun)
extern int scanf()
;
#elif defined(unix) || defined(WIN32) || defined(DOS)
extern RISEXPORT int scanf(
	const char *, 
	...)
;
#else
ERROR -- NO CODE
#endif

/******************************************************************************/

#if defined(__clipper__) || defined(sco) || defined(sun)
extern int setitimer(
	int which,
	struct itimerval *value,
	struct itimerval *ovalue)
;
#elif defined(__hpux__) || defined(__Sol2__) || defined(Soli)
extern int setitimer(
	int which,
	const struct itimerval *value,
	struct itimerval *ovalue)
;
#elif defined(WIN32) || defined(DOS)
#else
ERROR -- NO CODE
#endif

/******************************************************************************/

#if defined(unix) || defined(WIN32) || defined (DOS)
extern int setjmp(
	jmp_buf)
;
#else
ERROR -- NO CODE
#endif

/******************************************************************************/

#if defined(unix)
extern int sighold(
	int)
;
#elif defined(WIN32) || defined(DOS)
#else
ERROR -- NO CODE
#endif

/******************************************************************************/

#if defined(__hpux__)
extern long sigpause(
	long mask)
;
#elif defined(unix)
extern int sigpause(
	int)
;
#elif defined(WIN32) || defined(DOS)
#else
ERROR -- NO CODE
#endif

/******************************************************************************/

#if defined(unix)
extern void (*sigset(
	int,
	void (*)(int))
	)(int)
;
#elif defined(WIN32) || defined(DOS)
#else
ERROR -- NO CODE
#endif

/******************************************************************************/

#if defined(unix)
extern unsigned int sleep(
	unsigned int)
;
#elif defined(WIN32)
extern RISEXPORT void _sleep(
	unsigned long)
;
#elif defined(DOS)
#else
ERROR -- NO CODE
#endif

/******************************************************************************/

#if defined(sun) 
extern int  sprintf()
;
#elif defined(unix) || defined(WIN32) || defined(DOS)
extern RISEXPORT int sprintf(
	char *,
	const char *,
	...)
;
#else
ERROR -- NO CODE
#endif

/******************************************************************************/

#if defined(sun)
extern int  sscanf()
;
#elif defined(unix) || defined(WIN32) || defined(DOS)
extern RISEXPORT int sscanf(
	const char *,
	const char *,
	...)
;
#else
ERROR -- NO CODE
#endif

/******************************************************************************/

#if defined(__clipper__) || defined(sco) || defined(__hpux__)
extern int stat(
	const char *,
	struct stat *)
;
#elif defined(sun)
extern int stat(
	char *,
	struct stat *)
;
#elif defined(__Sol2__) || defined(Soli)
extern int stat(
	const char *,
	struct stat *)
;
#elif defined(WIN32)
extern RISEXPORT int _stat(
	const char *,
	struct _stat *)
;
#elif defined(DOS)
extern int _stat(
	char *,
	struct _stat *)
;
#else
ERROR -- NO CODE
#endif

/******************************************************************************/

#if defined(unix) || defined(WIN32) || defined (DOS)
extern char *strcat(
	char *,
	const char *)
;
#else
ERROR -- NO CODE
#endif

/******************************************************************************/

#if defined(unix) || defined(WIN32) || defined (DOS)
extern RISEXPORT char *strchr(
	const char *s,
	int)
;
#else
ERROR -- NO CODE
#endif

/******************************************************************************/

#if defined(unix) || defined(WIN32) || defined (DOS)
extern RISEXPORT char *strstr(
	const char *,
	const char *)
;
#else
ERROR -- NO CODE /*tag*/
#endif

/******************************************************************************/

#if defined(unix) || defined(WIN32) || defined (DOS)
extern int strcmp(
	const char *,
	const char *)
;
#else
ERROR -- NO CODE
#endif

/******************************************************************************/

#if defined(unix) || defined(WIN32) || defined (DOS)
extern char *strcpy(
	char *,
	const char *)
;
#else
ERROR -- NO CODE
#endif

/******************************************************************************/

#if defined(unix) || defined(WIN32) || defined (DOS)
extern RISEXPORT char *strerror(
	int)
;
#else
ERROR -- NO CODE
#endif

/******************************************************************************/

#if defined(unix) || defined(WIN32) || defined (DOS)
extern size_t strlen(
	const char *s)
;
#else
ERROR -- NO CODE
#endif

/******************************************************************************/

#if defined(unix) || defined(WIN32) || defined (DOS)
extern RISEXPORT char *strncat(
	char *, 
	const char *, 
	size_t);
#else
ERROR -- NO CODE
#endif

/******************************************************************************/

#if defined(unix) || defined(WIN32) || defined (DOS)
extern RISEXPORT int strncmp(
	const char *,
	const char *,
	size_t)
;
#else
ERROR -- NO CODE
#endif

/******************************************************************************/

#if defined(unix) || defined(WIN32) || defined (DOS)
extern RISEXPORT char *strncpy(
	char *,
	const char *,
	size_t)
;
#else
ERROR -- NO CODE
#endif

/******************************************************************************/

#if defined(unix) || defined(WIN32) || defined (DOS)
extern RISEXPORT char *strrchr(
	const char *s,
	int)
;
#else
ERROR -- NO CODE
#endif

/******************************************************************************/

#if defined(unix) || defined(WIN32) || defined (DOS)
extern RISEXPORT size_t strspn(
	const char *,
	const char *)
;
#else
ERROR -- NO CODE
#endif

/******************************************************************************/

#if defined(unix) || defined(WIN32) || defined (DOS)
extern RISEXPORT char *strtok(
	char *,
	const char *)
;
#else
ERROR -- NO CODE
#endif

/******************************************************************************/

#if defined(unix) || defined(WIN32) || defined (DOS)
extern RISEXPORT long int strtol(
	const char *,
	char **,
	int)
;
#else
ERROR -- NO CODE
#endif

/******************************************************************************/

#if defined(unix) || defined(WIN32) || defined (DOS)
extern RISEXPORT int system(
	const char *)
;
#else
ERROR -- NO CODE
#endif

/******************************************************************************/

#if defined(unix) || defined(WIN32) || defined (DOS)
extern RISEXPORT time_t time(
	time_t *)
;
#else
ERROR -- NO CODE
#endif

/******************************************************************************/

#if defined(unix)
extern clock_t times(
	struct tms *)
;
#elif defined(WIN32) || defined(DOS)
#else
ERROR -- NO CODE
#endif

/******************************************************************************/

#if defined(unix) || defined(WIN32) || defined (DOS)
extern RISEXPORT char *tmpnam(
	char *)
;
#else
ERROR -- NO CODE
#endif

/******************************************************************************/

#if defined(unix)
extern void tzset(
	void)
;
#elif defined(WIN32) || defined(DOS)
#else
ERROR -- NO CODE
#endif

/******************************************************************************/

#if defined(sun) 
extern mode_t umask()
;
#elif defined(unix)
extern mode_t umask(
	mode_t)
;
#elif defined(WIN32) || defined(DOS)
#else
ERROR -- NO CODE
#endif

/******************************************************************************/

#if defined(__clipper__)
extern int vfprintf(
	FILE *, 
	const char *, 
	__va_list)
;
#elif defined(sco) || defined(__hpux__)
extern int vfprintf(
    FILE *,
    const char *,
    va_list)
;
#elif defined(sun) 
extern int vfprintf(
	FILE *,
	const char *,
	...)
;
#elif defined(__Sol2__) || defined(Soli)
extern int vfprintf(
	FILE *,
	const char *,
	void *)
;
#elif defined(WIN32) || defined(DOS)
extern RISEXPORT int vfprintf(
	FILE *, 
	const char *, 
	va_list)
;
#else
ERROR -- NO CODE
#endif

/******************************************************************************/

#if defined(__clipper__)
extern int vprintf(
	const char *, 
	__va_list)
;
#elif defined(sco) || defined(__hpux__)
extern int vprintf(
    const char *,
    va_list)
;
#elif defined(sun) 
extern int vprintf(
	const char *,
	...)
;
#elif defined(__Sol2__) || defined(Soli)
extern int vprintf(
	const char *,
	void *)
;
#elif defined(WIN32) || defined(DOS)
extern RISEXPORT int vprintf(
	const char *, 
	va_list)
;
#else
ERROR -- NO CODE
#endif

/******************************************************************************/

#if defined(__clipper__)
extern int vsprintf(
	char *,
	const char *,
	__va_list)
;
#elif defined(sco) || defined(__hpux__)
extern int vsprintf(
    char *,
    const char *,
    va_list)
;
#elif defined(sun)
extern int vsprintf(
	char *,
	const char *,
	...)
;
#elif defined(__Sol2__) || defined(Soli)
extern int vsprintf(
	char *,
	const char *,
	void *)
;
#elif defined(WIN32) || defined(DOS)
extern RISEXPORT int vsprintf(
	char *,
	const char *,
	va_list)
;
#else
ERROR -- NO CODE
#endif

/******************************************************************************/

#if defined(sco)
extern int unlink(
        const char *)
;
#endif

#if defined(__Sol2__) || defined(Soli)
extern int _tolower( 
	int)
;
extern int _toupper(
	int)
;
extern int isascii(
	int)
;
#endif

#if defined(unix)
extern pid_t getpid()
;
#endif

#if defined (WIN32)
extern int _getpid()
;
#endif

#if defined(__hpux__)
extern int __tolower(
    int)
;
extern int __toupper(
    int)
;
extern int islower(
    int c)
;
extern int isupper(
    int c)
;
extern int isalpha(
    int c)
;
extern int isalnum(
    int c)
;
extern int iscntrl(
    int c)
;
extern int isdigit(
    int c)
;
extern int isxdigit(
    int c)
;
extern int isgraph(
    int c)
;
extern int isprint(
    int c)
;
extern int ispunct(
    int c)
;
extern int isspace(
    int c)
;
#endif /* hpux */

/******************************************************************************/
