/*
------------------------------------------------------------------------

Name:								declare.prt
Authors:							HAL9000

------------------------------------------------------------------------
*/

#ifndef DECLARE_PRT
#define DECLARE_PRT
extern	lex_s	RISpar_parse(
	void)
;

extern	lex_s	RISpar_ris_stmt(
	void)
;

extern	lex_s	RISpar_sql_statement(
	void)
;

extern	lex_s	RISpar_async_sql_statement(
	void)
;

extern	lex_s	RISpar_sql_stmt(
	void)
;

extern	lex_s	RISpar_async_sql_stmt(
	void)
;

extern	lex_s	RISpar_alter_stmt(
	void)
;

extern	lex_s	RISpar_close_stmt(
	void)
;

extern	lex_s	RISpar_create_stmt(
	void)
;

extern	lex_s	RISpar_declare_stmt(
	void)
;

extern	lex_s	RISpar_describe_stmt(
	void)
;

extern	lex_s	RISpar_drop_stmt(
	void)
;

extern	lex_s	RISpar_execute_stmt(
	void)
;

extern	lex_s	RISpar_grant_stmt(
	void)
;

extern	lex_s	RISpar_open_stmt(
	void)
;

extern	lex_s	RISpar_report_stmt(
	void)
;

extern	lex_s	RISpar_revoke_stmt(
	void)
;

extern	lex_s	RISpar_undeclare_stmt(
	void)
;

extern	lex_s	RISpar_alter_schema_stmt(
	void)
;

extern	lex_s	RISpar_alter_table_stmt(
	void)
;

extern	lex_s	RISpar_begin_declare_section(
	void)
;

extern	lex_s	RISpar_clear_stmt(
	void)
;

extern	lex_s	RISpar_async_clear_stmt(
	void)
;

extern	lex_s	RISpar_close_cursor_stmt(
	void)
;

extern	lex_s	RISpar_close_schema_stmt(
	void)
;

extern	lex_s	RISpar_commit_stmt(
	void)
;

extern	lex_s	RISpar_create_index_stmt(
	void)
;

extern	lex_s	RISpar_opt_extern_index(
	void)
;

extern	lex_s	RISpar_create_secure_schema_stmt(
	void)
;

extern	lex_s	RISpar_create_schema_stmt(
	void)
;

extern	lex_s	RISpar_create_table_stmt(
	void)
;

extern	lex_s	RISpar_create_view_stmt(
	void)
;

extern	lex_s	RISpar_opt_extern_table_col_list(
	void)
;

extern	lex_s	RISpar_opt_user_table_col_list(
	void)
;

extern	lex_s	RISpar_declare_cursor_stmt(
	void)
;

extern	lex_s	RISpar_declare_schema_stmt(
	void)
;

extern	lex_s	RISpar_opt_dbuser_osuser_spec(
	void)
;

extern	lex_s	RISpar_declare_table_stmt(
	void)
;

extern	lex_s	RISpar_declare_view_stmt(
	void)
;

extern	lex_s	RISpar_declare_superschema_stmt(
	void)
;

extern	lex_s	RISpar_default_schema_stmt(
	void)
;

extern	lex_s	RISpar_delete_stmt(
	void)
;

extern	lex_s	RISpar_describe_input_stmt(
	void)
;

extern	lex_s	RISpar_describe_output_stmt(
	void)
;

extern	lex_s	RISpar_drop_index_stmt(
	void)
;

extern	lex_s	RISpar_drop_schema_stmt(
	void)
;

extern	lex_s	RISpar_drop_table_stmt(
	void)
;

extern	lex_s	RISpar_drop_view_stmt(
	void)
;

extern	lex_s	RISpar_end_declare_section(
	void)
;

extern	lex_s	RISpar_exec_stmt(
	void)
;

extern	lex_s	RISpar_execute_immediate(
	void)
;

extern	lex_s	RISpar_execute_stmt_id(
	void)
;

extern	lex_s	RISpar_fetch_stmt(
	void)
;

extern	lex_s	RISpar_grant_on_table(
	void)
;

extern	lex_s	RISpar_grant_schema(
	void)
;

extern	lex_s	RISpar_grant_connect(
	void)
;

extern	lex_s	RISpar_grant_resource(
	void)
;

extern	lex_s	RISpar_host_var_def(
	void)
;

extern	lex_s	RISpar_insert_stmt(
	void)
;

extern	lex_s	RISpar_lock_tables_stmt(
	void)
;

extern	lex_s	RISpar_open_cursor_stmt(
	void)
;

extern	lex_s	RISpar_open_schema_stmt(
	void)
;

extern	lex_s	RISpar_prepare_stmt(
	void)
;

extern	lex_s	RISpar_redeclare_superschema_stmt(
	void)
;

extern	lex_s	RISpar_report_error(
	void)
;

extern	lex_s	RISpar_report_superschema_error(
	void)
;

extern	lex_s	RISpar_revoke_on_table(
	void)
;

extern	lex_s	RISpar_revoke_schema(
	void)
;

extern	lex_s	RISpar_revoke_connect(
	void)
;

extern	lex_s	RISpar_revoke_resource(
	void)
;

extern	lex_s	RISpar_rollback_stmt(
	void)
;

extern	lex_s	RISpar_opt_union_select_expr(
	void)
;

extern	lex_s	RISpar_select_expr(
	void)
;

extern	lex_s	RISpar_select_stmt(
	void)
;

extern	lex_s	RISpar_set_stmt(
	void)
;

extern	lex_s	RISpar_test_stmt(
	void)
;

extern	lex_s	RISpar_undeclare_superschema_stmt(
	void)
;

extern	lex_s	RISpar_undeclare_schema_stmt(
	void)
;

extern	lex_s	RISpar_undeclare_table_stmt(
	void)
;

extern	lex_s	RISpar_undeclare_view_stmt(
	void)
;

extern	lex_s	RISpar_update_stmt(
	void)
;

extern	lex_s	RISpar_virtual(
	void)
;

extern	lex_s	RISpar_wait_stmt(
	void)
;

extern	lex_s	RISpar_whenever_stmt(
	void)
;

extern	lex_s	RISpar_define(
	void)
;

extern	lex_s	RISpar_else(
	void)
;

extern	lex_s	RISpar_endif(
	void)
;

extern	lex_s	RISpar_ifdef(
	void)
;

extern	lex_s	RISpar_ifndef(
	void)
;

extern	lex_s	RISpar_include(
	void)
;

extern	lex_s	RISpar_undef(
	void)
;

extern	lex_s	RISpar_alter_schema_action(
	void)
;

extern	lex_s	RISpar_alt_sch_modify_action(
	void)
;

extern	lex_s	RISpar_modify_action_list(
	void)
;

extern	lex_s	RISpar_opt_modify_action_list(
	void)
;

extern	lex_s	RISpar_modify_action(
	void)
;

extern	lex_s	RISpar_db2_pwd(
	void)
;

extern	lex_s	RISpar_opt_mode_spec(
	void)
;

extern	lex_s	RISpar_alt_sch_exc_action(
	void)
;

extern	lex_s	RISpar_alt_sch_inc_action(
	void)
;

extern	lex_s	RISpar_user_name_table_name(
	void)
;

extern	lex_s	RISpar_user_name_index_name(
	void)
;

extern	lex_s	RISpar_close_schema_action(
	void)
;

extern	lex_s	RISpar_undeclare_schema_action(
	void)
;

extern	lex_s	RISpar_declare_action(
	void)
;

extern	lex_s	RISpar_lock_action_list(
	void)
;

extern	lex_s	RISpar_opt_lock_action_list(
	void)
;

extern	lex_s	RISpar_lock_action(
	void)
;

extern	lex_s	RISpar_redeclare_superschema_action(
	void)
;

extern	lex_s	RISpar_replace_primary(
	void)
;

extern	lex_s	RISpar_swap_primary(
	void)
;

extern	lex_s	RISpar_add_secondary(
	void)
;

extern	lex_s	RISpar_drop_secondary(
	void)
;

extern	lex_s	RISpar_set_database_action(
	void)
;

extern	lex_s	RISpar_db_enable_action(
	void)
;

extern	lex_s	RISpar_db_type_list(
	void)
;

extern	lex_s	RISpar_opt_db_type_list(
	void)
;

extern	lex_s	RISpar_set_mode_action(
	void)
;

extern	lex_s	RISpar_opt_verify_strip_rename_on_off(
	void)
;

extern	lex_s	RISpar_opt_ansi_strip_rename_on_off(
	void)
;

extern	lex_s	RISpar_opt_ansi_verify_rename_on_off(
	void)
;

extern	lex_s	RISpar_opt_ansi_verify_strip_on_off(
	void)
;

extern	lex_s	RISpar_opt_strip_rename_on_off(
	void)
;

extern	lex_s	RISpar_opt_verify_rename_on_off(
	void)
;

extern	lex_s	RISpar_opt_ansi_rename_on_off(
	void)
;

extern	lex_s	RISpar_opt_verify_strip_on_off(
	void)
;

extern	lex_s	RISpar_opt_ansi_strip_on_off(
	void)
;

extern	lex_s	RISpar_opt_ansi_verify_on_off(
	void)
;

extern	lex_s	RISpar_opt_verify_on_off(
	void)
;

extern	lex_s	RISpar_opt_autorename_on_off(
	void)
;

extern	lex_s	RISpar_verify_on_off(
	void)
;

extern	lex_s	RISpar_opt_ansi_on_off(
	void)
;

extern	lex_s	RISpar_ansi_on_off(
	void)
;

extern	lex_s	RISpar_opt_blankstrip_on_off(
	void)
;

extern	lex_s	RISpar_blankstrip_on_off(
	void)
;

extern	lex_s	RISpar_autorename_on_off(
	void)
;

extern	lex_s	RISpar_set_transaction_action(
	void)
;

extern	lex_s	RISpar_set_net_verify_action(
	void)
;

extern	lex_s	RISpar_opt_net_schema_list(
	void)
;

extern	lex_s	RISpar_net_verify_list(
	void)
;

extern	lex_s	RISpar_opt_net_verify_list(
	void)
;

extern	lex_s	RISpar_net_verify_def(
	void)
;

extern	lex_s	RISpar_net_timestamp_def(
	void)
;

extern	lex_s	RISpar_net_buffer_def(
	void)
;

extern	lex_s	RISpar_opt_union_query_expr(
	void)
;

extern	lex_s	RISpar_query_expr(
	void)
;

extern	lex_s	RISpar_query_spec(
	void)
;

extern	lex_s	RISpar_subquery_expr(
	void)
;

extern	lex_s	RISpar_subquery_spec(
	void)
;

extern	lex_s	RISpar_select_list(
	void)
;

extern	lex_s	RISpar_select_spec(
	void)
;

extern	lex_s	RISpar_result_list(
	void)
;

extern	lex_s	RISpar_result_spec(
	void)
;

extern	lex_s	RISpar_table_expr(
	void)
;

extern	lex_s	RISpar_from_clause(
	void)
;

extern	lex_s	RISpar_opt_where_clause(
	void)
;

extern	lex_s	RISpar_opt_group_by_clause(
	void)
;

extern	lex_s	RISpar_opt_having_clause(
	void)
;

extern	lex_s	RISpar_opt_order_by(
	void)
;

extern	lex_s	RISpar_sort_spec_list(
	void)
;

extern	lex_s	RISpar_opt_sort_spec_list(
	void)
;

extern	lex_s	RISpar_sort_spec(
	void)
;

extern	lex_s	RISpar_opt_tok_asc_desc(
	void)
;

extern	lex_s	RISpar_opt_into_clause(
	void)
;

extern	lex_s	RISpar_into_clause(
	void)
;

extern	lex_s	RISpar_target_list(
	void)
;

extern	lex_s	RISpar_opt_target_list(
	void)
;

extern	lex_s	RISpar_opt_tok_union_all(
	void)
;

extern	lex_s	RISpar_schema_list(
	void)
;

extern	lex_s	RISpar_opt_schema_list(
	void)
;

extern	lex_s	RISpar_schema_spec_list(
	void)
;

extern	lex_s	RISpar_opt_schema_spec_list(
	void)
;

extern	lex_s	RISpar_schema_spec(
	void)
;

extern	lex_s	RISpar_auth_id(
	void)
;

extern	lex_s	RISpar_opt_dot_password(
	void)
;

extern	lex_s	RISpar_opt_force(
	void)
;

extern	lex_s	RISpar_opt_force_include_exclude(
	void)
;

extern	lex_s	RISpar_opt_include_exclude(
	void)
;

extern	lex_s	RISpar_opt_server_version(
	void)
;

extern	lex_s	RISpar_server_version(
	void)
;

extern	lex_s	RISpar_opt_dot_feature(
	void)
;

extern	lex_s	RISpar_feature(
	void)
;

extern	lex_s	RISpar_primary_schema(
	void)
;

extern	lex_s	RISpar_secondary_schema(
	void)
;

extern	lex_s	RISpar_secondary_schema_list(
	void)
;

extern	lex_s	RISpar_opt_secondary_schema_list(
	void)
;

extern	lex_s	RISpar_opt_using_spec(
	void)
;

extern	lex_s	RISpar_using_spec(
	void)
;

extern	lex_s	RISpar_to_login(
	void)
;

extern	lex_s	RISpar_from_login(
	void)
;

extern	lex_s	RISpar_opt_on_database(
	void)
;

extern	lex_s	RISpar_db_spec(
	void)
;

extern	lex_s	RISpar_db_elem_list(
	void)
;

extern	lex_s	RISpar_opt_db_elem_list(
	void)
;

extern	lex_s	RISpar_db_elem(
	void)
;

extern	lex_s	RISpar_opt_dict_dbname(
	void)
;

extern	lex_s	RISpar_db_type(
	void)
;

extern	lex_s	RISpar_os_type(
	void)
;

extern	lex_s	RISpar_proto_addr_list(
	void)
;

extern	lex_s	RISpar_opt_proto_addr_list(
	void)
;

extern	lex_s	RISpar_proto_addr(
	void)
;

extern	lex_s	RISpar_protocol(
	void)
;

extern	lex_s	RISpar_gateway_parm_list(
	void)
;

extern	lex_s	RISpar_opt_gateway_parm_list(
	void)
;

extern	lex_s	RISpar_gateway_parm(
	void)
;

extern	lex_s	RISpar_gateway_parm_keyword(
	void)
;

extern	lex_s	RISpar_table_list(
	void)
;

extern	lex_s	RISpar_opt_table_list(
	void)
;

extern	lex_s	RISpar_table_ref(
	void)
;

extern	lex_s	RISpar_table_name(
	void)
;

extern	lex_s	RISpar_opt_alias_name(
	void)
;

extern	lex_s	RISpar_lock_table_mode(
	void)
;

extern	lex_s	RISpar_value_expr_list(
	void)
;

extern	lex_s	RISpar_opt_value_expr_list(
	void)
;

extern	lex_s	RISpar_value_expr(
	void)
;

extern	lex_s	RISpar_search_cond(
	void)
;

extern	lex_s	RISpar_b_expr(
	void)
;

extern	lex_s	RISpar_b_expr2(
	void)
;

extern	lex_s	RISpar_b_term(
	void)
;

extern	lex_s	RISpar_b_term2(
	void)
;

extern	lex_s	RISpar_b_fact(
	void)
;

extern	lex_s	RISpar_v_expr(
	void)
;

extern	lex_s	RISpar_v_expr2(
	void)
;

extern	lex_s	RISpar_v_term(
	void)
;

extern	lex_s	RISpar_v_term2(
	void)
;

extern	lex_s	RISpar_v_fact(
	void)
;

extern	lex_s	RISpar_primary(
	void)
;

extern	lex_s	RISpar_paren_primary(
	void)
;

extern	lex_s	RISpar_predicate(
	void)
;

extern	lex_s	RISpar_predicate2(
	void)
;

extern	lex_s	RISpar_predicates(
	void)
;

extern	lex_s	RISpar_comp_preds(
	void)
;

extern	lex_s	RISpar_not_preds(
	void)
;

extern	lex_s	RISpar_exists_pred(
	void)
;

extern	lex_s	RISpar_between_pred(
	void)
;

extern	lex_s	RISpar_in_pred(
	void)
;

extern	lex_s	RISpar_like_pred(
	void)
;

extern	lex_s	RISpar_null_pred(
	void)
;

extern	lex_s	RISpar_comp_op(
	void)
;

extern	lex_s	RISpar_comp_arg(
	void)
;

extern	lex_s	RISpar_unquantified_comp_arg(
	void)
;

extern	lex_s	RISpar_quantified_comp_arg(
	void)
;

extern	lex_s	RISpar_in_pred_arg(
	void)
;

extern	lex_s	RISpar_in_value_list(
	void)
;

extern	lex_s	RISpar_opt_in_value_list(
	void)
;

extern	lex_s	RISpar_quantifier(
	void)
;

extern	lex_s	RISpar_opt_tok_not(
	void)
;

extern	lex_s	RISpar_column_def_list(
	void)
;

extern	lex_s	RISpar_opt_column_def_list(
	void)
;

extern	lex_s	RISpar_column_def(
	void)
;

extern	lex_s	RISpar_declare_col_def_list(
	void)
;

extern	lex_s	RISpar_opt_declare_col_def_list(
	void)
;

extern	lex_s	RISpar_declare_col_def(
	void)
;

extern	lex_s	RISpar_column_name(
	void)
;

extern	lex_s	RISpar_opt_col_list(
	void)
;

extern	lex_s	RISpar_column_list(
	void)
;

extern	lex_s	RISpar_opt_column_list(
	void)
;

extern	lex_s	RISpar_column_spec_list(
	void)
;

extern	lex_s	RISpar_opt_column_spec_list(
	void)
;

extern	lex_s	RISpar_column_spec(
	void)
;

extern	lex_s	RISpar_opt_tok_not_null(
	void)
;

extern	lex_s	RISpar_data_type(
	void)
;

extern	lex_s	RISpar_declare_data_type(
	void)
;

extern	lex_s	RISpar_approx_num_type(
	void)
;

extern	lex_s	RISpar_char_str_type(
	void)
;

extern	lex_s	RISpar_datetime_type(
	void)
;

extern	lex_s	RISpar_ris_blob_type(
	void)
;

extern	lex_s	RISpar_ris_text_type(
	void)
;

extern	lex_s	RISpar_exact_num_type(
	void)
;

extern	lex_s	RISpar_unsupported_type(
	void)
;

extern	lex_s	RISpar_character(
	void)
;

extern	lex_s	RISpar_decimal(
	void)
;

extern	lex_s	RISpar_integer(
	void)
;

extern	lex_s	RISpar_opt_tok_precision(
	void)
;

extern	lex_s	RISpar_opt_length(
	void)
;

extern	lex_s	RISpar_opt_precision_scale(
	void)
;

extern	lex_s	RISpar_opt_comma_unsigned_int(
	void)
;

extern	lex_s	RISpar_value_spec(
	void)
;

extern	lex_s	RISpar_signed_value_spec(
	void)
;

extern	lex_s	RISpar_parm_spec(
	void)
;

extern	lex_s	RISpar_var_spec(
	void)
;

extern	lex_s	RISpar_var_name(
	void)
;

extern	lex_s	RISpar_opt_indict_var(
	void)
;

extern	lex_s	RISpar_indict_var(
	void)
;

extern	lex_s	RISpar_user(
	void)
;

extern	lex_s	RISpar_signed_literal(
	void)
;

extern	lex_s	RISpar_literal(
	void)
;

extern	lex_s	RISpar_c_char_str_lit(
	void)
;

extern	lex_s	RISpar_char_str_lit(
	void)
;

extern	lex_s	RISpar_signed_numeric_lit(
	void)
;

extern	lex_s	RISpar_numeric_lit(
	void)
;

extern	lex_s	RISpar_approx_num_lit(
	void)
;

extern	lex_s	RISpar_exact_num_lit(
	void)
;

extern	lex_s	RISpar_datetime_lit(
	void)
;

extern	lex_s	RISpar_set_func_spec(
	void)
;

extern	lex_s	RISpar_set_func_arg(
	void)
;

extern	lex_s	RISpar_count_func_arg(
	void)
;

extern	lex_s	RISpar_async_id(
	void)
;

extern	lex_s	RISpar_async_id_list(
	void)
;

extern	lex_s	RISpar_opt_async_id_list(
	void)
;

extern	lex_s	RISpar_cursor_name(
	void)
;

extern	lex_s	RISpar_datetime_func_spec(
	void)
;

extern	lex_s	RISpar_descriptor(
	void)
;

extern	lex_s	RISpar_fetch_stmt_arg(
	void)
;

extern	lex_s	RISpar_index_name(
	void)
;

extern	lex_s	RISpar_on_off(
	void)
;

extern	lex_s	RISpar_opt_dot_ident(
	void)
;

extern	lex_s	RISpar_opt_dot_ident_opt_dot_ident(
	void)
;

extern	lex_s	RISpar_opt_for_async_id(
	void)
;

extern	lex_s	RISpar_opt_into_var(
	void)
;

extern	lex_s	RISpar_opt_password(
	void)
;

extern	lex_s	RISpar_opt_signed_int(
	void)
;

extern	lex_s	RISpar_opt_schema_option(
	void)
;

extern	lex_s	RISpar_opt_tok_authorization(
	void)
;

extern	lex_s	RISpar_opt_tok_work(
	void)
;

extern	lex_s	RISpar_opt_using_clause(
	void)
;

extern	lex_s	RISpar_password(
	void)
;

extern	lex_s	RISpar_schema_id(
	void)
;

extern	lex_s	RISpar_signed_int(
	void)
;

extern	lex_s	RISpar_stmt_id(
	void)
;

extern	lex_s	RISpar_string_spec(
	void)
;

extern	lex_s	RISpar_test_cond(
	void)
;

extern	lex_s	RISpar_unsigned_int(
	void)
;

extern	lex_s	RISpar_opt_user_spec(
	void)
;

extern	lex_s	RISpar_user_spec(
	void)
;

extern	lex_s	RISpar_opt_osuser_spec(
	void)
;

extern	lex_s	RISpar_osuser_spec(
	void)
;

extern	lex_s	RISpar_using_clause(
	void)
;

extern	lex_s	RISpar_using_clause_arg(
	void)
;

extern	lex_s	RISpar_whenever_action(
	void)
;

extern	lex_s	RISpar_whenever_cond(
	void)
;

extern	lex_s	RISpar_dbms_table_name(
	void)
;

extern	lex_s	RISpar_opt_internal_table_col_list(
	void)
;

extern	lex_s	RISpar_opt_internal_index(
	void)
;

extern	lex_s	RISpar_alter_table_action(
	void)
;

extern	lex_s	RISpar_opt_external_column(
	void)
;

extern	lex_s	RISpar_grant_privileges(
	void)
;

extern	lex_s	RISpar_grant_privilege_list(
	void)
;

extern	lex_s	RISpar_opt_grant_privilege_list(
	void)
;

extern	lex_s	RISpar_grant_privilege(
	void)
;

extern	lex_s	RISpar_grantee_list(
	void)
;

extern	lex_s	RISpar_opt_grantee_list(
	void)
;

extern	lex_s	RISpar_grantee(
	void)
;

extern	lex_s	RISpar_revoke_privileges(
	void)
;

extern	lex_s	RISpar_revoke_privilege_list(
	void)
;

extern	lex_s	RISpar_opt_revoke_privilege_list(
	void)
;

extern	lex_s	RISpar_revoke_privilege(
	void)
;

extern	lex_s	RISpar_opt_tok_privileges(
	void)
;

extern	lex_s	RISpar_opt_tok_with_grant_option(
	void)
;

extern	lex_s	RISpar_opt_with_verify_option(
	void)
;

extern	lex_s	RISpar_with_verify_option_action(
	void)
;

extern	lex_s	RISpar_set_list(
	void)
;

extern	lex_s	RISpar_opt_set_list(
	void)
;

extern	lex_s	RISpar_set_expr(
	void)
;

extern	lex_s	RISpar_set_expr_arg(
	void)
;

extern	lex_s	RISpar_insert_values(
	void)
;

extern	lex_s	RISpar_insert_val_list(
	void)
;

extern	lex_s	RISpar_opt_insert_val_list(
	void)
;

extern	lex_s	RISpar_insert_val(
	void)
;

extern	lex_s	RISpar_host_storage_class(
	void)
;

extern	lex_s	RISpar_host_type_spec_list(
	void)
;

extern	lex_s	RISpar_opt_host_type_spec_list(
	void)
;

extern	lex_s	RISpar_host_type_spec(
	void)
;

extern	lex_s	RISpar_host_var_list(
	void)
;

extern	lex_s	RISpar_opt_host_var_list(
	void)
;

extern	lex_s	RISpar_host_var(
	void)
;

extern	lex_s	RISpar_virtual_host_var(
	void)
;

extern	lex_s	RISpar_star_list(
	void)
;

extern	lex_s	RISpar_opt_star_list(
	void)
;

extern	lex_s	RISpar_star(
	void)
;

extern	lex_s	RISpar_host_ident(
	void)
;

extern	lex_s	RISpar_opt_array_spec_list(
	void)
;

extern	lex_s	RISpar_array_spec_list(
	void)
;

extern	lex_s	RISpar_opt_array_specs(
	void)
;

extern	lex_s	RISpar_array_spec(
	void)
;

#endif
