8: starting indexing at Mon Apr 18 07:45:08 -- 6.0F18
204: 309 documents
207: 66979 words processed
156: size of catalog files: 41180
157: size of index files: 199390
9: ending indexing at Mon Apr 18 07:48:52
8: starting indexing at Mon Apr 18 14:52:36 -- 6.0F18
204: 309 documents
207: 66972 words processed
156: size of catalog files: 41180
157: size of index files: 199355
9: ending indexing at Mon Apr 18 14:56:23
8: starting indexing at Tue Apr 19 09:08:49 -- 6.0F18
204: 309 documents
207: 66979 words processed
156: size of catalog files: 41180
157: size of index files: 199441
9: ending indexing at Tue Apr 19 09:12:37
8: starting indexing at Tue Apr 19 11:41:28 -- 6.0F18
204: 309 documents
207: 66980 words processed
156: size of catalog files: 41180
157: size of index files: 199443
9: ending indexing at Tue Apr 19 11:45:14
8: starting indexing at Tue Apr 19 14:04:10 -- 6.0F18
204: 309 documents
207: 66980 words processed
156: size of catalog files: 41180
157: size of index files: 199443
9: ending indexing at Tue Apr 19 14:08:00
8: starting indexing at Wed Apr 20 09:30:44 -- 6.0F18
204: 309 documents
207: 66980 words processed
156: size of catalog files: 41180
157: size of index files: 199443
9: ending indexing at Wed Apr 20 09:34:33
8: starting indexing at Tue May 10 14:21:07 -- 6.0F18
204: 308 documents
207: 66207 words processed
156: size of catalog files: 41048
157: size of index files: 197277
9: ending indexing at Tue May 10 14:24:49
8: starting indexing at Wed May 11 07:55:56 -- 6.0F18
204: 313 documents
207: 68531 words processed
156: size of catalog files: 41708
157: size of index files: 203005
9: ending indexing at Wed May 11 07:59:38
8: starting indexing at Fri May 13 16:25:20 -- 6.0F18
204: 312 documents
207: 68502 words processed
156: size of catalog files: 41576
157: size of index files: 202872
9: ending indexing at Fri May 13 16:29:00
8: starting indexing at Wed Aug 10 12:14:58 -- 6.0F18
204: 333 documents
207: 70227 words processed
156: size of catalog files: 44348
157: size of index files: 207893
9: ending indexing at Wed Aug 10 12:18:51
8: starting indexing at Wed Aug 10 14:09:47 -- 6.0F18
204: 334 documents
207: 71864 words processed
156: size of catalog files: 44480
157: size of index files: 212150
9: ending indexing at Wed Aug 10 14:14:18
8: starting indexing at Fri Aug 26 12:09:58 -- 6.0F18
204: 336 documents
207: 73716 words processed
156: size of catalog files: 44744
157: size of index files: 219281
9: ending indexing at Fri Aug 26 12:14:09
8: starting indexing at Fri Aug 26 13:02:48 -- 6.0F18
204: 336 documents
207: 73709 words processed
156: size of catalog files: 44744
157: size of index files: 219264
9: ending indexing at Fri Aug 26 13:06:57
8: starting indexing at Fri Aug 26 15:00:43 -- 6.0F18
204: 336 documents
207: 73716 words processed
156: size of catalog files: 44744
157: size of index files: 219281
9: ending indexing at Fri Aug 26 15:05:07
8: starting indexing at Fri Aug 26 15:50:28 -- 6.0F18
204: 336 documents
207: 73709 words processed
156: size of catalog files: 44744
157: size of index files: 219264
9: ending indexing at Fri Aug 26 15:54:47
8: starting indexing at Sat Aug 27 08:49:25 -- 6.0F18
204: 336 documents
207: 73734 words processed
156: size of catalog files: 44744
157: size of index files: 219322
9: ending indexing at Sat Aug 27 08:53:29
8: starting indexing at Sat Aug 27 11:19:48 -- 6.0F18
204: 336 documents
207: 73734 words processed
156: size of catalog files: 44744
157: size of index files: 219319
9: ending indexing at Sat Aug 27 11:23:48
8: starting indexing at Mon Aug 29 09:32:18 -- 6.0F18
204: 336 documents
207: 73734 words processed
156: size of catalog files: 44744
157: size of index files: 219319
9: ending indexing at Mon Aug 29 09:36:28
8: starting indexing at Mon Aug 29 09:49:35 -- 6.0F18
204: 336 documents
207: 73734 words processed
156: size of catalog files: 44744
157: size of index files: 219319
9: ending indexing at Mon Aug 29 09:53:52
8: starting indexing at Mon Aug 29 10:15:46 -- 6.0F18
204: 336 documents
207: 73737 words processed
156: size of catalog files: 44744
157: size of index files: 219323
9: ending indexing at Mon Aug 29 10:19:48
8: starting indexing at Mon Aug 29 10:30:09 -- 6.0F18
204: 336 documents
207: 73736 words processed
156: size of catalog files: 44744
157: size of index files: 219318
9: ending indexing at Mon Aug 29 10:34:15
8: starting indexing at Mon Aug 29 10:44:55 -- 6.0F18
204: 336 documents
207: 73736 words processed
156: size of catalog files: 44744
157: size of index files: 219318
9: ending indexing at Mon Aug 29 10:49:08
8: starting indexing at Mon Aug 29 10:58:47 -- 6.0F18
204: 336 documents
207: 73736 words processed
156: size of catalog files: 44744
157: size of index files: 219318
9: ending indexing at Mon Aug 29 11:03:16
