bin/Nfminit
bin/NFMdmdftr.sh
config/initial/ris3.0.dmp
config/workflow
config/workflow/NFMexp32.TXT
config/workflow/NFMsignoff.TXT
config/workflow/NFMsimp32.TXT
3598 blocks
/etc/nfmd.conf
bin/Nfmfix
config/english/icons
config/english/icons/EXT
config/english/icons/FIsym
config/english/icons/NFM.01.ICON
config/english/icons/NFM.02.ICON
config/english/icons/NFM.03.ICON
config/english/icons/NFM.04.ICON
config/english/icons/QUIsymbols
config/english/menus
config/english/menus/admin
config/english/menus/admin/ADMIN_PANEL1
config/english/menus/admin/BAR_MENU
config/english/menus/admin/BAR_MENU1
config/english/menus/admin/NFAdm_Op
config/english/menus/admin/NFCat_Op
config/english/menus/admin/NFCrt
config/english/menus/admin/NFDsWk_Op
config/english/menus/admin/NFDs_Itm
config/english/menus/admin/NFDs_Prj
config/english/menus/admin/NFFl_Itm
config/english/menus/admin/NFFlg_Itm
config/english/menus/admin/NFFlg_Prj
config/english/menus/admin/NFItm_Op
config/english/menus/admin/NFMnSts
config/english/menus/admin/NFMnp_Fl
config/english/menus/admin/NFMnp_Itm
config/english/menus/admin/NFMnp_Prj
config/english/menus/admin/NFMnp_WkFl
config/english/menus/admin/NFMp_Prj
config/english/menus/admin/NFNode_Op
config/english/menus/admin/NFPrj_Op
config/english/menus/admin/NFSet_Op
config/english/menus/admin/NFSs_In
config/english/menus/admin/NFSt_Ar_Op
config/english/menus/admin/symfile
config/english/menus/admin/NFUs_OpCmd
config/english/menus/admin/NFUsr_Op
config/english/menus/admin/NFUtl_Op
config/english/menus/admin/NFWkAr_Op
config/english/menus/admin/NFWkFl_Itm
config/english/menus/admin/NFWkFl_Op
config/english/menus/admin/PANEL_MENU
config/english/menus/pip
config/english/menus/pip/BAR_MENU
config/english/menus/pip/BAR_MENU1
config/english/menus/pip/NFM.02.ICON
config/english/menus/pip/PANEL_MENU
config/english/menus/pip/PANEL_MENU1
config/english/menus/pip/PILOTuser
config/english/menus/user
config/english/menus/user/BAR_MENU
config/english/menus/user/BAR_MENU1
config/english/menus/user/NFCrt
config/english/menus/user/NFDs_Itm
config/english/menus/user/NFDs_Prj
config/english/menus/user/NFFl_Itm
config/english/menus/user/NFFlg_Itm
config/english/menus/user/NFItm_Op
config/english/menus/user/NFMnSts
config/english/menus/user/NFMnp_Fl
config/english/menus/user/NFMnp_Itm
config/english/menus/user/NFPrj_Op
config/english/menus/user/NFSet_Op
config/english/menus/user/NFSs_In
config/english/menus/user/NFUs_OpCmd
config/english/menus/user/NFWkAr_Op
config/english/menus/user/NFWkFl_Itm
config/english/menus/user/PANEL_MENU
config/english/menus/user/USER_PANEL1
config/english/menus/workflow
config/english/menus/workflow/BAR_MENU
config/english/menus/workflow/BAR_MENU1
config/english/menus/workflow/NFCmdOp
config/english/menus/workflow/NFWfOp
config/english/menus/workflow/PANEL_MENU
config/english/menus/workflow/WF_PANEL1
config/english/forms
config/english/forms/NFMadd_cmds
config/english/forms/NFMdef_acs
config/english/forms/NFMdef_class
config/english/forms/NFMdef_trns
config/english/forms/NFMdef_wf
config/english/forms/NFMdel_cmds
config/english/forms/NFMwf_dbg
config/english/forms/NFMwf_main
config/english/forms/NFadd
config/english/forms/NFadd_mem
config/english/forms/NFaddusa
config/english/forms/NFadmin
config/english/forms/NFarchive
config/english/forms/NFcat_srch
config/english/forms/NFchg_iwf
config/english/forms/NFconfirm
config/english/forms/NFcpright
config/english/forms/NFcrcat
config/english/forms/NFcriteria
config/english/forms/NFdebug
config/english/forms/NFdelete
config/english/forms/NFdelete_class
config/english/forms/NFdelete_state
config/english/forms/NFerror
config/english/forms/NFexpr
config/english/forms/NFerrors
config/english/forms/NFfile
config/english/forms/NFflag
config/english/forms/NFflag_item
config/english/forms/NFitem_srch
config/english/forms/NFldfile
config/english/forms/NFlogin
config/english/forms/NFmain
config/english/forms/NFmap
config/english/forms/NFmktrans
config/english/forms/NFmsg
config/english/forms/NFpasswd
config/english/forms/NFplback
config/english/forms/NFpopup
config/english/forms/NFpopup_bi
config/english/forms/NFpopup_env
config/english/forms/NFpopup_i
config/english/forms/NFpopup_wf
config/english/forms/NFrecord
config/english/forms/NFrep
config/english/forms/NFrestore
config/english/forms/NFsaveset
config/english/forms/NFsignoff
config/english/forms/NFso_usr
config/english/forms/NFsort
config/english/forms/NFsrch
config/english/forms/NFsrv
config/english/forms/NFtmpsa
config/english/forms/NFuser
config/english/forms/NFutil_msg
config/english/forms/NFversion
config/english/forms/NFwf
config/english/forms/QUIform
config/english/forms/cat_acl_map
config/english/forms/cat_sa_map
config/english/forms/chg_files
config/english/forms/copy_acl_users
config/english/forms/del_files
config/english/forms/list_acl
config/english/forms/list_arch
config/english/forms/list_archs
config/english/forms/list_back
config/english/forms/list_cat
config/english/forms/list_clusr
config/english/forms/list_crit
config/english/forms/list_del
config/english/forms/list_hist
config/english/forms/list_item_tp
config/english/forms/list_items
config/english/forms/list_items_b
config/english/forms/list_labels
config/english/forms/list_lc_fl
config/english/forms/list_nodes
config/english/forms/list_prj
config/english/forms/list_prjm
config/english/forms/list_prjm_b
config/english/forms/list_rstr
config/english/forms/list_sa
config/english/forms/list_savesets
config/english/forms/list_setm
config/english/forms/list_setm_b
config/english/forms/list_so
config/english/forms/list_sousr
config/english/forms/list_users
config/english/forms/list_wa
config/english/forms/list_wf
config/english/forms/login
config/english/forms/login_c
config/english/forms/nfm_lib
config/english/forms/nfm_lib2
config/english/forms/prj_acl_map
config/english/forms/prj_sa_map
config/english/forms/proc_files
config/english/forms/quick_search
config/english/forms/rev_item
config/english/forms/where_proj
config/english/forms/where_set
config/english/admin_help/HELPINFO
config/english/user_help/HELPINFO
12594 blocks
/etc/rc2.d/S99nfm
/etc/nfmd.conf
bin/Nfmalpha
config/english/commands/alpha.dat
config/english/commands/user.dat
config/english/commands/pipcmdgrp.dat
config/english/commands/pipcmds.dat
8590 blocks
bin/Nfmwffx
config/english/icons
config/english/icons/EXT
config/english/icons/FIsym
config/english/icons/NFM.01.ICON
config/english/icons/NFM.02.ICON
config/english/icons/NFM.03.ICON
config/english/icons/NFM.04.ICON
config/english/icons/QUIsymbols
config/english/messages
config/english/messages/BLums.msg
config/english/messages/BLums.txt
config/english/messages/ERRmsg.msg
config/english/messages/ERRmsg.txt
config/english/messages/MEMmsg.msg
config/english/messages/MEMmsg.txt
config/english/messages/MGRums.msg
config/english/messages/MGRums.txt
config/english/messages/NETmsg.msg
config/english/messages/NETmsg.txt
config/english/messages/NFImsg.msg
config/english/messages/NFImsg.txt
config/english/messages/NFMmsg.msg
config/english/messages/NFMmsg.txt
config/english/messages/NFMtitles.msg
config/english/messages/NFMtitles.txt
config/english/messages/NFTmsg.msg
config/english/messages/NFTmsg.txt
config/english/messages/QUImsg.msg
config/english/messages/QUImsg.txt
config/english/messages/SQLmsg.msg
config/english/messages/SQLmsg.txt
config/english/messages/UTImsg.msg
config/english/messages/UTImsg.txt
config/english/menus/workflow
config/english/menus/workflow/BAR_MENU
config/english/menus/workflow/BAR_MENU1
config/english/menus/workflow/NFCmdOp
config/english/menus/workflow/NFWfOp
config/english/menus/workflow/PANEL_MENU
config/english/menus/workflow/WF_PANEL1
config/english/forms
config/english/forms/NFMadd_cmds
config/english/forms/NFMdef_acs
config/english/forms/NFMdef_class
config/english/forms/NFMdef_trns
config/english/forms/NFMdef_wf
config/english/forms/NFMdel_cmds
config/english/forms/NFMwf_dbg
config/english/forms/NFMwf_main
config/english/forms/NFadd
config/english/forms/NFadd_mem
config/english/forms/NFaddusa
config/english/forms/NFadmin
config/english/forms/NFarchive
config/english/forms/NFcat_srch
config/english/forms/NFchg_iwf
config/english/forms/NFconfirm
config/english/forms/NFcpright
config/english/forms/NFcrcat
config/english/forms/NFcriteria
config/english/forms/NFdebug
config/english/forms/NFdelete
config/english/forms/NFdelete_class
config/english/forms/NFdelete_state
config/english/forms/NFerror
config/english/forms/NFexpr
config/english/forms/NFerrors
config/english/forms/NFfile
config/english/forms/NFflag
config/english/forms/NFflag_item
config/english/forms/NFitem_srch
config/english/forms/NFldfile
config/english/forms/NFlogin
config/english/forms/NFmain
config/english/forms/NFmap
config/english/forms/NFmktrans
config/english/forms/NFmsg
config/english/forms/NFpasswd
config/english/forms/NFplback
config/english/forms/NFpopup
config/english/forms/NFpopup_bi
config/english/forms/NFpopup_env
config/english/forms/NFpopup_i
config/english/forms/NFpopup_wf
config/english/forms/NFrecord
config/english/forms/NFrep
config/english/forms/NFrestore
config/english/forms/NFsaveset
config/english/forms/NFsignoff
config/english/forms/NFso_usr
config/english/forms/NFsort
config/english/forms/NFsrch
config/english/forms/NFsrv
config/english/forms/NFtmpsa
config/english/forms/NFuser
config/english/forms/NFutil_msg
config/english/forms/NFversion
config/english/forms/NFwf
config/english/forms/QUIform
config/english/forms/cat_acl_map
config/english/forms/cat_sa_map
config/english/forms/chg_files
config/english/forms/copy_acl_users
config/english/forms/del_files
config/english/forms/list_acl
config/english/forms/list_arch
config/english/forms/list_archs
config/english/forms/list_back
config/english/forms/list_cat
config/english/forms/list_clusr
config/english/forms/list_crit
config/english/forms/list_del
config/english/forms/list_hist
config/english/forms/list_item_tp
config/english/forms/list_items
config/english/forms/list_items_b
config/english/forms/list_labels
config/english/forms/list_lc_fl
config/english/forms/list_nodes
config/english/forms/list_prj
config/english/forms/list_prjm
config/english/forms/list_prjm_b
config/english/forms/list_rstr
config/english/forms/list_sa
config/english/forms/list_savesets
config/english/forms/list_setm
config/english/forms/list_setm_b
config/english/forms/list_so
config/english/forms/list_sousr
config/english/forms/list_users
config/english/forms/list_wa
config/english/forms/list_wf
config/english/forms/login
config/english/forms/login_c
config/english/forms/nfm_lib
config/english/forms/nfm_lib2
config/english/forms/prj_acl_map
config/english/forms/prj_sa_map
config/english/forms/proc_files
config/english/forms/quick_search
config/english/forms/rev_item
config/english/forms/where_proj
config/english/forms/where_set
8526 blocks
bin/Nfmadmin
config/english/commands/env.dat
4516 blocks
bin/Nfmfix
config/english/forms
config/english/forms/NFMadd_cmds
config/english/forms/NFMdef_acs
config/english/forms/NFMdef_class
config/english/forms/NFMdef_trns
config/english/forms/NFMdef_wf
config/english/forms/NFMdel_cmds
config/english/forms/NFMwf_dbg
config/english/forms/NFMwf_main
config/english/forms/NFadd
config/english/forms/NFadd_mem
config/english/forms/NFaddusa
config/english/forms/NFadmin
config/english/forms/NFarchive
config/english/forms/NFcat_srch
config/english/forms/NFchg_iwf
config/english/forms/NFconfirm
config/english/forms/NFcpright
config/english/forms/NFcrcat
config/english/forms/NFcriteria
config/english/forms/NFdebug
config/english/forms/NFdelete
config/english/forms/NFdelete_class
config/english/forms/NFdelete_state
config/english/forms/NFerror
config/english/forms/NFexpr
config/english/forms/NFerrors
config/english/forms/NFfile
config/english/forms/NFflag
config/english/forms/NFflag_item
config/english/forms/NFitem_srch
config/english/forms/NFldfile
config/english/forms/NFlogin
config/english/forms/NFmain
config/english/forms/NFmap
config/english/forms/NFmktrans
config/english/forms/NFmsg
config/english/forms/NFpasswd
config/english/forms/NFplback
config/english/forms/NFpopup
config/english/forms/NFpopup_bi
config/english/forms/NFpopup_env
config/english/forms/NFpopup_i
config/english/forms/NFpopup_wf
config/english/forms/NFrecord
config/english/forms/NFrep
config/english/forms/NFrestore
config/english/forms/NFsaveset
config/english/forms/NFsignoff
config/english/forms/NFso_usr
config/english/forms/NFsort
config/english/forms/NFsrch
config/english/forms/NFsrv
config/english/forms/NFtmpsa
config/english/forms/NFuser
config/english/forms/NFutil_msg
config/english/forms/NFversion
config/english/forms/NFwf
config/english/forms/QUIform
config/english/forms/cat_acl_map
config/english/forms/cat_sa_map
config/english/forms/chg_files
config/english/forms/copy_acl_users
config/english/forms/del_files
config/english/forms/list_acl
config/english/forms/list_arch
config/english/forms/list_archs
config/english/forms/list_back
config/english/forms/list_cat
config/english/forms/list_clusr
config/english/forms/list_crit
config/english/forms/list_del
config/english/forms/list_hist
config/english/forms/list_item_tp
config/english/forms/list_items
config/english/forms/list_items_b
config/english/forms/list_labels
config/english/forms/list_lc_fl
config/english/forms/list_nodes
config/english/forms/list_prj
config/english/forms/list_prjm
config/english/forms/list_prjm_b
config/english/forms/list_rstr
config/english/forms/list_sa
config/english/forms/list_savesets
config/english/forms/list_setm
config/english/forms/list_setm_b
config/english/forms/list_so
config/english/forms/list_sousr
config/english/forms/list_users
config/english/forms/list_wa
config/english/forms/list_wf
config/english/forms/login
config/english/forms/login_c
config/english/forms/nfm_lib
config/english/forms/nfm_lib2
config/english/forms/prj_acl_map
config/english/forms/prj_sa_map
config/english/forms/proc_files
config/english/forms/quick_search
config/english/forms/rev_item
config/english/forms/where_proj
config/english/forms/where_set
config/english/icons
config/english/icons/EXT
config/english/icons/FIsym
config/english/icons/NFM.01.ICON
config/english/icons/NFM.02.ICON
config/english/icons/NFM.03.ICON
config/english/icons/NFM.04.ICON
config/english/icons/QUIsymbols
config/language
config/english/menus
config/english/menus/admin
config/english/menus/admin/ADMIN_PANEL1
config/english/menus/admin/BAR_MENU
config/english/menus/admin/BAR_MENU1
config/english/menus/admin/NFAdm_Op
config/english/menus/admin/NFCat_Op
config/english/menus/admin/NFCrt
config/english/menus/admin/NFDsWk_Op
config/english/menus/admin/NFDs_Itm
config/english/menus/admin/NFDs_Prj
config/english/menus/admin/NFFl_Itm
config/english/menus/admin/NFFlg_Itm
config/english/menus/admin/NFFlg_Prj
config/english/menus/admin/NFItm_Op
config/english/menus/admin/NFMnSts
config/english/menus/admin/NFMnp_Fl
config/english/menus/admin/NFMnp_Itm
config/english/menus/admin/NFMnp_Prj
config/english/menus/admin/NFMnp_WkFl
config/english/menus/admin/NFMp_Prj
config/english/menus/admin/NFNode_Op
config/english/menus/admin/NFPrj_Op
config/english/menus/admin/NFSet_Op
config/english/menus/admin/NFSs_In
config/english/menus/admin/NFSt_Ar_Op
config/english/menus/admin/symfile
config/english/menus/admin/NFUs_OpCmd
config/english/menus/admin/NFUsr_Op
config/english/menus/admin/NFUtl_Op
config/english/menus/admin/NFWkAr_Op
config/english/menus/admin/NFWkFl_Itm
config/english/menus/admin/NFWkFl_Op
config/english/menus/admin/PANEL_MENU
config/english/menus/pip
config/english/menus/pip/BAR_MENU
config/english/menus/pip/BAR_MENU1
config/english/menus/pip/NFM.02.ICON
config/english/menus/pip/PANEL_MENU
config/english/menus/pip/PANEL_MENU1
config/english/menus/pip/PILOTuser
config/english/menus/user
config/english/menus/user/BAR_MENU
config/english/menus/user/BAR_MENU1
config/english/menus/user/NFCrt
config/english/menus/user/NFDs_Itm
config/english/menus/user/NFDs_Prj
config/english/menus/user/NFFl_Itm
config/english/menus/user/NFFlg_Itm
config/english/menus/user/NFItm_Op
config/english/menus/user/NFMnSts
config/english/menus/user/NFMnp_Fl
config/english/menus/user/NFMnp_Itm
config/english/menus/user/NFPrj_Op
config/english/menus/user/NFSet_Op
config/english/menus/user/NFSs_In
config/english/menus/user/NFUs_OpCmd
config/english/menus/user/NFWkAr_Op
config/english/menus/user/NFWkFl_Itm
config/english/menus/user/PANEL_MENU
config/english/menus/user/USER_PANEL1
config/english/menus/workflow
config/english/menus/workflow/BAR_MENU
config/english/menus/workflow/BAR_MENU1
config/english/menus/workflow/NFCmdOp
config/english/menus/workflow/NFWfOp
config/english/menus/workflow/PANEL_MENU
config/english/menus/workflow/WF_PANEL1
config/english/admin_help/HELPINFO
config/english/user_help/HELPINFO
6635 blocks
bin/Nfmalpha
config/english/commands/alpha.dat
config/english/commands/user.dat
config/english/commands/pipcmdgrp.dat
config/english/commands/pipcmds.dat
2833 blocks
bin/Nfmcli
1071 blocks
bin/Nfmbulk
config/english/commands/bulk.dat
1285 blocks
bin/BLUbulkload
config/english/messages/BLums.txt
config/english/messages/BLums.msg
cfg/english/help/help_file.hc
2105 blocks
/etc/nfmd.conf
/etc/rc2.d/S99nfm
bin/NFMfileserver
bin/NFMdaemon
bin/Nfmtcpip.sh
bin/dattoclh
1284 blocks
bin/Nfmutil
606 blocks
doc
doc/NFMtrain32.txt
doc/access.txt
doc/admin.txt
doc/bulkload.txt
doc/clh.txt
doc/cli.txt
doc/converter.txt
doc/cp_acl_usr.txt
doc/dbasrv.txt
doc/design.txt
doc/impact_34.txt
doc/pc.txt
doc/pcnet.txt
doc/plotting.txt
doc/proc_trans.txt
doc/rm_proc.txt
doc/schema.txt
doc/setup.txt
doc/wf_train.txt
doc/workfl_ui.txt
doc/workflow.txt
760 blocks
config/english/admin_help/HELPFILE
config/english/user_help/HELPFILE
3464 blocks
config/language
config/english/man
config/english/man/nfmpg.1.Z
config/english/messages
config/english/messages/BLums.msg
config/english/messages/BLums.txt
config/english/messages/ERRmsg.msg
config/english/messages/ERRmsg.txt
config/english/messages/MEMmsg.msg
config/english/messages/MEMmsg.txt
config/english/messages/MGRums.msg
config/english/messages/MGRums.txt
config/english/messages/NETmsg.msg
config/english/messages/NETmsg.txt
config/english/messages/NFImsg.msg
config/english/messages/NFImsg.txt
config/english/messages/NFMmsg.msg
config/english/messages/NFMmsg.txt
config/english/messages/NFMtitles.msg
config/english/messages/NFMtitles.txt
config/english/messages/NFTmsg.msg
config/english/messages/NFTmsg.txt
config/english/messages/QUImsg.msg
config/english/messages/QUImsg.txt
config/english/messages/SQLmsg.msg
config/english/messages/SQLmsg.txt
config/english/messages/UTImsg.msg
config/english/messages/UTImsg.txt
config/nfs
config/nfs/nfmnfsstart.sh
config/nfs/nfmnfsstop.sh
822 blocks
postinstall.sh
4 blocks
